TN:
SF:./src/components/services/serviceModule.js
FN:2,(anonymous_1)
FNF:1
FNH:1
FNDA:63,(anonymous_1)
DA:1,1
DA:3,63
DA:8,63
LF:3
LH:3
BRF:0
BRH:0
end_of_record
TN:
SF:./src/components/services/cacheService.js
FN:1,(anonymous_1)
FNF:1
FNH:1
FNDA:49,(anonymous_1)
DA:1,1
DA:5,49
DA:7,49
LF:3
LH:3
BRF:0
BRH:0
end_of_record
TN:
SF:./src/components/services/helperUtilService.js
FN:1,(anonymous_1)
FN:4,(anonymous_2)
FN:9,(anonymous_3)
FN:20,(anonymous_4)
FN:33,(anonymous_5)
FN:65,(anonymous_6)
FNF:6
FNH:6
FNDA:63,(anonymous_1)
FNDA:2,(anonymous_2)
FNDA:2,(anonymous_3)
FNDA:2,(anonymous_4)
FNDA:16,(anonymous_5)
FNDA:1,(anonymous_6)
DA:1,1
DA:4,63
DA:5,2
DA:9,63
DA:11,2
DA:12,2
DA:14,2
DA:20,63
DA:21,2
DA:23,2
DA:24,2
DA:26,2
DA:33,63
DA:36,16
DA:37,16
DA:39,16
DA:40,1
DA:41,1
DA:43,15
DA:44,8
DA:45,8
DA:47,7
DA:48,2
DA:49,2
DA:51,5
DA:52,4
DA:53,4
DA:56,16
DA:65,63
DA:66,1
DA:67,1
DA:68,1
DA:69,1
LF:33
LH:33
BRDA:5,1,0,2
BRDA:5,1,1,1
BRDA:14,2,0,1
BRDA:14,2,1,1
BRDA:15,3,0,1
BRDA:15,3,1,1
BRDA:26,4,0,1
BRDA:26,4,1,1
BRDA:27,5,0,1
BRDA:27,5,1,1
BRDA:39,6,0,1
BRDA:39,6,1,15
BRDA:43,7,0,8
BRDA:43,7,1,7
BRDA:47,8,0,2
BRDA:47,8,1,5
BRDA:51,9,0,4
BRDA:51,9,1,1
BRF:18
BRH:18
end_of_record
TN:
SF:./src/components/services/messagesService.js
FN:1,(anonymous_1)
FN:7,(anonymous_2)
FN:13,(anonymous_3)
FN:17,(anonymous_4)
FN:21,(anonymous_5)
FNF:5
FNH:5
FNDA:54,(anonymous_1)
FNDA:5,(anonymous_2)
FNDA:3,(anonymous_3)
FNDA:1,(anonymous_4)
FNDA:1,(anonymous_5)
DA:1,1
DA:5,54
DA:7,54
DA:9,5
DA:13,54
DA:14,3
DA:17,54
DA:18,1
DA:21,54
DA:22,1
LF:10
LH:10
BRF:0
BRH:0
end_of_record
TN:
SF:./src/components/services/httpInterceptorService.js
FN:2,(anonymous_1)
FN:8,(anonymous_2)
FN:16,(anonymous_3)
FN:23,(anonymous_4)
FN:32,(anonymous_5)
FNF:5
FNH:4
FNDA:52,(anonymous_1)
FNDA:52,(anonymous_2)
FNDA:0,(anonymous_3)
FNDA:39,(anonymous_4)
FNDA:1,(anonymous_5)
DA:1,1
DA:6,52
DA:12,52
DA:17,0
DA:20,0
DA:28,39
DA:34,1
DA:35,1
DA:36,1
DA:38,1
DA:41,1
LF:11
LH:9
BRDA:12,1,0,52
BRDA:12,1,1,0
BRDA:28,2,0,39
BRDA:28,2,1,0
BRF:4
BRH:2
end_of_record
TN:
SF:./src/components/services/commonUtilJsonService.js
FN:2,(anonymous_1)
FN:11,(anonymous_2)
FN:23,(anonymous_3)
FN:41,(anonymous_4)
FN:55,(anonymous_5)
FN:58,(anonymous_6)
FN:67,(anonymous_7)
FN:70,(anonymous_8)
FNF:8
FNH:8
FNDA:17,(anonymous_1)
FNDA:13,(anonymous_2)
FNDA:3,(anonymous_3)
FNDA:1,(anonymous_4)
FNDA:1,(anonymous_5)
FNDA:1,(anonymous_6)
FNDA:11,(anonymous_7)
FNDA:3,(anonymous_8)
DA:1,1
DA:7,17
DA:9,17
DA:11,17
DA:13,13
DA:15,13
DA:17,13
DA:19,12
DA:26,3
DA:34,3
DA:36,3
DA:38,3
DA:44,1
DA:47,1
DA:48,1
DA:51,13
DA:55,17
DA:57,1
DA:58,1
DA:59,1
DA:62,1
DA:67,17
DA:69,11
DA:70,11
DA:71,3
DA:74,11
LF:26
LH:26
BRDA:17,1,0,12
BRDA:17,1,1,1
BRF:2
BRH:2
end_of_record
TN:
SF:./src/components/services/uamJsonService.js
FN:2,(anonymous_1)
FN:12,(anonymous_2)
FN:16,(anonymous_3)
FN:27,(anonymous_4)
FN:30,(anonymous_5)
FN:39,(anonymous_6)
FN:42,(anonymous_7)
FN:51,(anonymous_8)
FN:54,(anonymous_9)
FN:63,(anonymous_10)
FN:66,(anonymous_11)
FN:75,(anonymous_12)
FN:78,(anonymous_13)
FN:87,(anonymous_14)
FN:90,(anonymous_15)
FN:99,(anonymous_16)
FN:102,(anonymous_17)
FN:111,(anonymous_18)
FN:114,(anonymous_19)
FN:124,(anonymous_20)
FN:127,(anonymous_21)
FN:136,(anonymous_22)
FN:139,(anonymous_23)
FN:148,(anonymous_24)
FN:151,(anonymous_25)
FN:160,(anonymous_26)
FN:164,(anonymous_27)
FN:173,(anonymous_28)
FN:176,(anonymous_29)
FN:185,(anonymous_30)
FN:188,(anonymous_31)
FN:197,(anonymous_32)
FN:200,(anonymous_33)
FN:209,(anonymous_34)
FN:212,(anonymous_35)
FN:221,(anonymous_36)
FN:224,(anonymous_37)
FN:233,(anonymous_38)
FN:236,(anonymous_39)
FN:245,(anonymous_40)
FN:248,(anonymous_41)
FN:257,(anonymous_42)
FN:260,(anonymous_43)
FN:269,(anonymous_44)
FN:272,(anonymous_45)
FN:281,(anonymous_46)
FN:284,(anonymous_47)
FN:293,(anonymous_48)
FN:296,(anonymous_49)
FN:305,(anonymous_50)
FN:308,(anonymous_51)
FN:317,(anonymous_52)
FN:320,(anonymous_53)
FN:329,(anonymous_54)
FN:332,(anonymous_55)
FNF:55
FNH:55
FNDA:27,(anonymous_1)
FNDA:1,(anonymous_2)
FNDA:1,(anonymous_3)
FNDA:1,(anonymous_4)
FNDA:1,(anonymous_5)
FNDA:1,(anonymous_6)
FNDA:1,(anonymous_7)
FNDA:1,(anonymous_8)
FNDA:1,(anonymous_9)
FNDA:1,(anonymous_10)
FNDA:1,(anonymous_11)
FNDA:1,(anonymous_12)
FNDA:1,(anonymous_13)
FNDA:1,(anonymous_14)
FNDA:1,(anonymous_15)
FNDA:1,(anonymous_16)
FNDA:1,(anonymous_17)
FNDA:1,(anonymous_18)
FNDA:1,(anonymous_19)
FNDA:1,(anonymous_20)
FNDA:1,(anonymous_21)
FNDA:1,(anonymous_22)
FNDA:1,(anonymous_23)
FNDA:1,(anonymous_24)
FNDA:1,(anonymous_25)
FNDA:1,(anonymous_26)
FNDA:1,(anonymous_27)
FNDA:1,(anonymous_28)
FNDA:1,(anonymous_29)
FNDA:1,(anonymous_30)
FNDA:1,(anonymous_31)
FNDA:1,(anonymous_32)
FNDA:1,(anonymous_33)
FNDA:1,(anonymous_34)
FNDA:1,(anonymous_35)
FNDA:1,(anonymous_36)
FNDA:1,(anonymous_37)
FNDA:1,(anonymous_38)
FNDA:1,(anonymous_39)
FNDA:1,(anonymous_40)
FNDA:1,(anonymous_41)
FNDA:1,(anonymous_42)
FNDA:1,(anonymous_43)
FNDA:1,(anonymous_44)
FNDA:1,(anonymous_45)
FNDA:1,(anonymous_46)
FNDA:1,(anonymous_47)
FNDA:1,(anonymous_48)
FNDA:1,(anonymous_49)
FNDA:1,(anonymous_50)
FNDA:1,(anonymous_51)
FNDA:1,(anonymous_52)
FNDA:1,(anonymous_53)
FNDA:1,(anonymous_54)
FNDA:1,(anonymous_55)
DA:1,1
DA:7,27
DA:9,27
DA:12,27
DA:14,1
DA:16,1
DA:18,1
DA:22,1
DA:27,27
DA:29,1
DA:30,1
DA:31,1
DA:34,1
DA:39,27
DA:41,1
DA:42,1
DA:43,1
DA:46,1
DA:51,27
DA:53,1
DA:54,1
DA:55,1
DA:58,1
DA:63,27
DA:65,1
DA:66,1
DA:67,1
DA:70,1
DA:75,27
DA:77,1
DA:78,1
DA:79,1
DA:82,1
DA:87,27
DA:89,1
DA:90,1
DA:91,1
DA:94,1
DA:99,27
DA:101,1
DA:102,1
DA:103,1
DA:106,1
DA:111,27
DA:113,1
DA:114,1
DA:115,1
DA:118,1
DA:124,27
DA:126,1
DA:127,1
DA:128,1
DA:131,1
DA:136,27
DA:138,1
DA:139,1
DA:140,1
DA:143,1
DA:148,27
DA:150,1
DA:151,1
DA:152,1
DA:155,1
DA:160,27
DA:162,1
DA:164,1
DA:165,1
DA:168,1
DA:173,27
DA:175,1
DA:176,1
DA:177,1
DA:180,1
DA:185,27
DA:187,1
DA:188,1
DA:189,1
DA:192,1
DA:197,27
DA:199,1
DA:200,1
DA:201,1
DA:204,1
DA:209,27
DA:211,1
DA:212,1
DA:213,1
DA:216,1
DA:221,27
DA:223,1
DA:224,1
DA:225,1
DA:228,1
DA:233,27
DA:235,1
DA:236,1
DA:237,1
DA:240,1
DA:245,27
DA:247,1
DA:248,1
DA:249,1
DA:252,1
DA:257,27
DA:259,1
DA:260,1
DA:261,1
DA:264,1
DA:269,27
DA:271,1
DA:272,1
DA:273,1
DA:276,1
DA:281,27
DA:283,1
DA:284,1
DA:285,1
DA:288,1
DA:293,27
DA:295,1
DA:296,1
DA:297,1
DA:300,1
DA:305,27
DA:307,1
DA:308,1
DA:309,1
DA:312,1
DA:317,27
DA:319,1
DA:320,1
DA:321,1
DA:324,1
DA:329,27
DA:331,1
DA:332,1
DA:333,1
DA:336,1
LF:138
LH:138
BRF:0
BRH:0
end_of_record
TN:
SF:./src/components/services/orderSearchJsonService.js
FN:2,(anonymous_1)
FN:14,(anonymous_2)
FN:17,(anonymous_3)
FN:27,(anonymous_4)
FN:30,(anonymous_5)
FN:40,(anonymous_6)
FN:43,(anonymous_7)
FN:53,(anonymous_8)
FN:56,(anonymous_9)
FN:67,(anonymous_10)
FN:70,(anonymous_11)
FNF:11
FNH:11
FNDA:5,(anonymous_1)
FNDA:1,(anonymous_2)
FNDA:1,(anonymous_3)
FNDA:1,(anonymous_4)
FNDA:1,(anonymous_5)
FNDA:1,(anonymous_6)
FNDA:1,(anonymous_7)
FNDA:1,(anonymous_8)
FNDA:1,(anonymous_9)
FNDA:1,(anonymous_10)
FNDA:1,(anonymous_11)
DA:1,1
DA:7,5
DA:9,5
DA:14,5
DA:16,1
DA:17,1
DA:18,1
DA:21,1
DA:27,5
DA:29,1
DA:30,1
DA:31,1
DA:34,1
DA:40,5
DA:42,1
DA:43,1
DA:44,1
DA:47,1
DA:53,5
DA:55,1
DA:56,1
DA:57,1
DA:60,1
DA:67,5
DA:69,1
DA:70,1
DA:71,1
DA:74,1
LF:28
LH:28
BRF:0
BRH:0
end_of_record
TN:
SF:./src/components/directives/maxmedia/maxmediaModule.js
FNF:0
FNH:0
DA:1,1
LF:1
LH:1
BRF:0
BRH:0
end_of_record
TN:
SF:./src/components/directives/maxmedia/activityIndicator.js
FN:25,(anonymous_1)
FN:38,(anonymous_2)
FNF:2
FNH:2
FNDA:2,(anonymous_1)
FNDA:2,(anonymous_2)
DA:25,1
DA:28,2
DA:40,2
LF:3
LH:3
BRDA:40,1,0,1
BRDA:40,1,1,1
BRDA:40,2,0,2
BRDA:40,2,1,1
BRF:4
BRH:4
end_of_record
TN:
SF:./src/components/directives/maxmedia/autoFillTextField.js
FN:50,(anonymous_1)
FN:69,(anonymous_2)
FN:76,(anonymous_3)
FN:81,(anonymous_4)
FN:90,(anonymous_5)
FNF:5
FNH:5
FNDA:1,(anonymous_1)
FNDA:1,(anonymous_2)
FNDA:3,(anonymous_3)
FNDA:1,(anonymous_4)
FNDA:2,(anonymous_5)
DA:50,1
DA:53,1
DA:73,1
DA:74,1
DA:77,3
DA:79,3
DA:82,1
DA:84,1
DA:87,1
DA:88,1
DA:91,2
DA:93,1
DA:94,1
LF:13
LH:13
BRDA:91,1,0,1
BRDA:91,1,1,1
BRDA:91,2,0,2
BRDA:91,2,1,2
BRF:4
BRH:4
end_of_record
TN:
SF:./src/components/directives/maxmedia/checkbox.js
FN:18,(anonymous_1)
FN:37,(anonymous_2)
FN:39,(anonymous_3)
FNF:3
FNH:3
FNDA:4,(anonymous_1)
FNDA:4,(anonymous_2)
FNDA:2,(anonymous_3)
DA:18,1
DA:21,4
DA:39,4
DA:40,2
LF:4
LH:4
BRF:0
BRH:0
end_of_record
TN:
SF:./src/components/directives/maxmedia/checkboxGroup.js
FN:20,(anonymous_1)
FN:36,(anonymous_2)
FN:38,(anonymous_3)
FNF:3
FNH:3
FNDA:6,(anonymous_1)
FNDA:2,(anonymous_2)
FNDA:2,(anonymous_3)
DA:20,1
DA:23,6
DA:38,2
DA:39,2
LF:4
LH:4
BRF:0
BRH:0
end_of_record
TN:
SF:./src/components/directives/maxmedia/dialogBoxWithOptionalLaunchButton.js
FN:44,(anonymous_1)
FN:78,(anonymous_2)
FN:80,(anonymous_3)
FNF:3
FNH:3
FNDA:1,(anonymous_1)
FNDA:1,(anonymous_2)
FNDA:1,(anonymous_3)
DA:44,1
DA:47,1
DA:80,1
DA:82,1
LF:4
LH:4
BRF:0
BRH:0
end_of_record
TN:
SF:./src/components/directives/maxmedia/editField.js
FN:53,(anonymous_1)
FN:71,(anonymous_2)
FN:91,(anonymous_3)
FN:106,(anonymous_4)
FNF:4
FNH:4
FNDA:6,(anonymous_1)
FNDA:6,(anonymous_2)
FNDA:7,(anonymous_3)
FNDA:1,(anonymous_4)
DA:53,1
DA:56,6
DA:73,6
DA:74,6
DA:75,6
DA:76,6
DA:77,5
DA:80,6
DA:81,5
DA:88,6
DA:91,6
DA:95,7
DA:97,1
DA:98,1
DA:106,6
DA:108,1
DA:111,1
LF:17
LH:17
BRDA:76,1,0,5
BRDA:76,1,1,1
BRDA:80,2,0,5
BRDA:80,2,1,1
BRDA:88,3,0,2
BRDA:88,3,1,4
BRDA:95,4,0,1
BRDA:95,4,1,6
BRF:8
BRH:8
end_of_record
TN:
SF:./src/components/directives/maxmedia/notificationPopover.js
FN:26,(anonymous_1)
FN:39,(anonymous_2)
FN:45,(anonymous_3)
FN:66,(anonymous_4)
FNF:4
FNH:4
FNDA:1,(anonymous_1)
FNDA:1,(anonymous_2)
FNDA:4,(anonymous_3)
FNDA:1,(anonymous_4)
DA:26,1
DA:29,1
DA:41,1
DA:45,1
DA:46,4
DA:47,3
DA:50,4
DA:51,4
DA:54,1
DA:63,1
DA:64,1
DA:66,1
DA:67,1
LF:13
LH:13
BRDA:46,1,0,3
BRDA:46,1,1,1
BRDA:46,2,0,4
BRDA:46,2,1,3
BRF:4
BRH:4
end_of_record
TN:
SF:./src/components/directives/maxmedia/radiobuttonGroup.js
FN:19,(anonymous_1)
FN:37,(anonymous_2)
FN:39,(anonymous_3)
FNF:3
FNH:3
FNDA:4,(anonymous_1)
FNDA:4,(anonymous_2)
FNDA:3,(anonymous_3)
DA:19,1
DA:22,4
DA:39,4
DA:42,3
DA:43,9
DA:47,3
LF:6
LH:6
BRF:0
BRH:0
end_of_record
TN:
SF:./src/components/directives/maxmedia/simpleGroupAssignment.js
FN:42,(anonymous_1)
FN:81,(anonymous_2)
FN:85,(anonymous_3)
FN:115,(anonymous_4)
FN:143,(anonymous_5)
FNF:5
FNH:5
FNDA:2,(anonymous_1)
FNDA:2,(anonymous_2)
FNDA:2,(anonymous_3)
FNDA:2,(anonymous_4)
FNDA:7,(anonymous_5)
DA:42,1
DA:45,2
DA:85,2
DA:87,2
DA:89,2
DA:91,2
DA:92,10
DA:93,4
DA:98,2
DA:101,2
DA:102,1
DA:103,5
DA:104,2
DA:105,2
DA:106,2
DA:115,2
DA:117,2
DA:119,2
DA:121,2
DA:122,20
DA:123,3
DA:128,2
DA:131,2
DA:132,1
DA:133,11
DA:134,1
DA:135,1
DA:136,1
DA:143,2
DA:144,7
LF:30
LH:30
BRDA:92,1,0,4
BRDA:92,1,1,6
BRDA:101,2,0,1
BRDA:101,2,1,1
BRDA:101,3,0,2
BRDA:101,3,1,2
BRDA:103,4,0,2
BRDA:103,4,1,3
BRDA:122,5,0,3
BRDA:122,5,1,17
BRDA:131,6,0,1
BRDA:131,6,1,1
BRDA:131,7,0,2
BRDA:131,7,1,2
BRDA:133,8,0,1
BRDA:133,8,1,10
BRF:16
BRH:16
end_of_record
TN:
SF:./src/components/directives/maxmedia/treeTable.js
FN:48,(anonymous_1)
FN:85,(anonymous_2)
FN:87,(anonymous_3)
FN:96,(anonymous_4)
FN:108,(anonymous_5)
FN:118,(anonymous_6)
FNF:6
FNH:4
FNDA:2,(anonymous_1)
FNDA:2,(anonymous_2)
FNDA:5,(anonymous_3)
FNDA:0,(anonymous_4)
FNDA:2,(anonymous_5)
FNDA:0,(anonymous_6)
DA:48,1
DA:51,2
DA:87,2
DA:89,5
DA:91,5
DA:95,5
DA:96,1
DA:97,0
DA:100,4
DA:101,4
DA:102,4
DA:108,2
DA:110,2
DA:112,2
DA:117,2
DA:118,1
DA:119,0
DA:121,1
DA:123,1
DA:124,1
DA:125,1
LF:21
LH:19
BRDA:95,1,0,1
BRDA:95,1,1,4
BRDA:117,2,0,1
BRDA:117,2,1,1
BRF:4
BRH:4
end_of_record
TN:
SF:./src/components/directives/directiveModule.js
FNF:0
FNH:0
DA:1,1
LF:1
LH:1
BRF:0
BRH:0
end_of_record
TN:
SF:./src/components/directives/alertMessages.js
FN:25,(anonymous_1)
FN:33,(anonymous_2)
FN:34,(anonymous_3)
FN:39,(anonymous_4)
FN:43,(anonymous_5)
FN:48,(anonymous_6)
FNF:6
FNH:6
FNDA:2,(anonymous_1)
FNDA:2,(anonymous_2)
FNDA:1,(anonymous_3)
FNDA:2,(anonymous_4)
FNDA:17,(anonymous_5)
FNDA:5,(anonymous_6)
DA:25,1
DA:29,2
DA:34,2
DA:35,1
DA:41,2
DA:45,17
DA:50,5
DA:57,5
DA:59,5
DA:61,5
DA:62,5
LF:11
LH:11
BRDA:59,1,0,5
BRDA:59,1,1,4
BRDA:59,1,2,3
BRF:3
BRH:3
end_of_record
TN:
SF:./src/components/directives/bootstrapDatepicker.js
FN:1,(anonymous_1)
FN:5,(anonymous_2)
FN:10,(anonymous_3)
FN:15,(anonymous_4)
FN:17,(anonymous_5)
FN:22,(anonymous_6)
FN:35,(anonymous_7)
FNF:7
FNH:4
FNDA:2,(anonymous_1)
FNDA:2,(anonymous_2)
FNDA:0,(anonymous_3)
FNDA:0,(anonymous_4)
FNDA:0,(anonymous_5)
FNDA:1,(anonymous_6)
FNDA:2,(anonymous_7)
DA:1,1
DA:2,2
DA:6,2
DA:8,2
DA:10,1
DA:11,0
DA:12,0
DA:15,1
DA:16,0
DA:17,0
DA:18,0
DA:22,1
DA:23,1
DA:24,1
DA:27,0
DA:28,0
DA:29,1
DA:30,0
DA:32,1
DA:35,2
DA:36,2
DA:37,2
DA:38,2
DA:39,0
DA:41,2
DA:42,0
DA:44,2
LF:27
LH:17
BRDA:8,1,0,1
BRDA:8,1,1,1
BRDA:24,2,0,0
BRDA:24,2,1,1
BRDA:24,3,0,1
BRDA:24,3,1,0
BRDA:29,4,0,0
BRDA:29,4,1,1
BRDA:38,5,0,0
BRDA:38,5,1,2
BRDA:41,6,0,0
BRDA:41,6,1,2
BRDA:41,7,0,2
BRDA:41,7,1,2
BRF:14
BRH:9
end_of_record
TN:
SF:./src/components/directives/gridViewDt.js
FN:2,(anonymous_1)
FN:18,(anonymous_2)
FN:24,(anonymous_3)
FN:31,(anonymous_4)
FN:42,(anonymous_5)
FN:48,(anonymous_6)
FN:59,(anonymous_7)
FN:74,(anonymous_8)
FN:82,(anonymous_9)
FN:102,(anonymous_10)
FN:128,(anonymous_11)
FN:134,(anonymous_12)
FN:141,(anonymous_13)
FN:143,(anonymous_14)
FN:154,(anonymous_15)
FN:159,(anonymous_16)
FN:172,(anonymous_17)
FN:180,(anonymous_18)
FN:186,(anonymous_19)
FN:197,(anonymous_20)
FN:261,selectRows
FN:268,getTableCreateOptions
FN:279,(anonymous_23)
FN:304,convertSelectorToIndexArray
FN:308,(anonymous_25)
FNF:25
FNH:0
FNDA:0,(anonymous_1)
FNDA:0,(anonymous_2)
FNDA:0,(anonymous_3)
FNDA:0,(anonymous_4)
FNDA:0,(anonymous_5)
FNDA:0,(anonymous_6)
FNDA:0,(anonymous_7)
FNDA:0,(anonymous_8)
FNDA:0,(anonymous_9)
FNDA:0,(anonymous_10)
FNDA:0,(anonymous_11)
FNDA:0,(anonymous_12)
FNDA:0,(anonymous_13)
FNDA:0,(anonymous_14)
FNDA:0,(anonymous_15)
FNDA:0,(anonymous_16)
FNDA:0,(anonymous_17)
FNDA:0,(anonymous_18)
FNDA:0,(anonymous_19)
FNDA:0,(anonymous_20)
FNDA:0,selectRows
FNDA:0,getTableCreateOptions
FNDA:0,(anonymous_23)
FNDA:0,convertSelectorToIndexArray
FNDA:0,(anonymous_25)
DA:1,1
DA:5,0
DA:20,0
DA:24,0
DA:25,0
DA:26,0
DA:31,0
DA:32,0
DA:33,0
DA:42,0
DA:43,0
DA:48,0
DA:49,0
DA:50,0
DA:59,0
DA:60,0
DA:63,0
DA:74,0
DA:75,0
DA:78,0
DA:83,0
DA:93,0
DA:102,0
DA:107,0
DA:110,0
DA:114,0
DA:128,0
DA:129,0
DA:134,0
DA:136,0
DA:141,0
DA:143,0
DA:144,0
DA:154,0
DA:156,0
DA:159,0
DA:164,0
DA:166,0
DA:168,0
DA:172,0
DA:173,0
DA:174,0
DA:180,0
DA:182,0
DA:186,0
DA:188,0
DA:197,0
DA:199,0
DA:201,0
DA:204,0
DA:207,0
DA:209,0
DA:210,0
DA:220,0
DA:221,0
DA:223,0
DA:224,0
DA:227,0
DA:228,0
DA:230,0
DA:236,0
DA:239,0
DA:244,0
DA:245,0
DA:246,0
DA:249,0
DA:250,0
DA:252,0
DA:253,0
DA:261,1
DA:268,1
DA:269,0
DA:282,0
DA:304,1
DA:306,0
DA:308,0
DA:309,0
DA:310,0
DA:311,0
DA:312,0
DA:313,0
DA:315,0
DA:323,0
LF:83
LH:4
BRDA:25,1,0,0
BRDA:25,1,1,0
BRDA:32,2,0,0
BRDA:32,2,1,0
BRDA:49,3,0,0
BRDA:49,3,1,0
BRDA:60,4,0,0
BRDA:60,4,1,0
BRDA:75,5,0,0
BRDA:75,5,1,0
BRDA:107,6,0,0
BRDA:107,6,1,0
BRDA:164,7,0,0
BRDA:164,7,1,0
BRDA:166,8,0,0
BRDA:166,8,1,0
BRDA:201,9,0,0
BRDA:201,9,1,0
BRDA:201,10,0,0
BRDA:201,10,1,0
BRDA:211,11,0,0
BRDA:211,11,1,0
BRDA:213,12,0,0
BRDA:213,12,1,0
BRDA:220,13,0,0
BRDA:220,13,1,0
BRDA:223,14,0,0
BRDA:223,14,1,0
BRDA:227,15,0,0
BRDA:227,15,1,0
BRDA:239,16,0,0
BRDA:239,16,1,0
BRDA:239,17,0,0
BRDA:239,17,1,0
BRDA:249,18,0,0
BRDA:249,18,1,0
BRDA:249,19,0,0
BRDA:249,19,1,0
BRDA:252,20,0,0
BRDA:252,20,1,0
BRDA:306,21,0,0
BRDA:306,21,1,0
BRDA:309,22,0,0
BRDA:309,22,1,0
BRDA:312,23,0,0
BRDA:312,23,1,0
BRDA:312,24,0,0
BRDA:312,24,1,0
BRF:48
BRH:0
end_of_record
TN:
SF:./src/components/directives/groupAssignment.js
FN:68,(anonymous_1)
FN:88,(anonymous_2)
FN:135,(anonymous_3)
FN:142,(anonymous_4)
FN:157,(anonymous_5)
FN:166,(anonymous_6)
FN:185,(anonymous_7)
FN:199,(anonymous_8)
FN:230,(anonymous_9)
FNF:9
FNH:0
FNDA:0,(anonymous_1)
FNDA:0,(anonymous_2)
FNDA:0,(anonymous_3)
FNDA:0,(anonymous_4)
FNDA:0,(anonymous_5)
FNDA:0,(anonymous_6)
FNDA:0,(anonymous_7)
FNDA:0,(anonymous_8)
FNDA:0,(anonymous_9)
DA:68,1
DA:71,0
DA:91,0
DA:97,0
DA:98,0
DA:101,0
DA:102,0
DA:105,0
DA:108,0
DA:109,0
DA:112,0
DA:135,0
DA:137,0
DA:138,0
DA:143,0
DA:147,0
DA:148,0
DA:150,0
DA:157,0
DA:161,0
DA:162,0
DA:167,0
DA:172,0
DA:173,0
DA:175,0
DA:185,0
DA:187,0
DA:189,0
DA:190,0
DA:199,0
DA:201,0
DA:202,0
DA:205,0
DA:206,0
DA:210,0
DA:212,0
DA:213,0
DA:215,0
DA:217,0
DA:218,0
DA:219,0
DA:224,0
DA:230,0
DA:232,0
DA:233,0
DA:236,0
DA:237,0
DA:241,0
DA:243,0
DA:244,0
DA:246,0
DA:248,0
DA:249,0
DA:250,0
DA:255,0
LF:55
LH:1
BRDA:137,1,0,0
BRDA:137,1,1,0
BRDA:161,2,0,0
BRDA:161,2,1,0
BRDA:187,3,0,0
BRDA:187,3,1,0
BRDA:187,4,0,0
BRDA:187,4,1,0
BRDA:201,5,0,0
BRDA:201,5,1,0
BRDA:201,6,0,0
BRDA:201,6,1,0
BRDA:205,7,0,0
BRDA:205,7,1,0
BRDA:205,8,0,0
BRDA:205,8,1,0
BRDA:212,9,0,0
BRDA:212,9,1,0
BRDA:212,10,0,0
BRDA:212,10,1,0
BRDA:217,11,0,0
BRDA:217,11,1,0
BRDA:232,12,0,0
BRDA:232,12,1,0
BRDA:232,13,0,0
BRDA:232,13,1,0
BRDA:236,14,0,0
BRDA:236,14,1,0
BRDA:236,15,0,0
BRDA:236,15,1,0
BRDA:243,16,0,0
BRDA:243,16,1,0
BRDA:243,17,0,0
BRDA:243,17,1,0
BRDA:248,18,0,0
BRDA:248,18,1,0
BRF:36
BRH:0
end_of_record
TN:
SF:./src/components/directives/modalDialog.js
FN:2,(anonymous_1)
FN:32,(anonymous_2)
FNF:2
FNH:2
FNDA:1,(anonymous_1)
FNDA:1,(anonymous_2)
DA:2,1
DA:5,1
DA:33,1
DA:34,1
DA:35,1
LF:5
LH:5
BRF:0
BRH:0
end_of_record
TN:
SF:./src/components/directives/multiSelectDropdownAngular.js
FN:2,(anonymous_1)
FN:16,(anonymous_2)
FN:54,(anonymous_3)
FN:57,(anonymous_4)
FN:61,(anonymous_5)
FN:109,(anonymous_6)
FN:122,getFindObj
FN:134,clearObject
FN:147,(anonymous_9)
FN:161,(anonymous_10)
FN:168,(anonymous_11)
FN:176,(anonymous_12)
FN:181,(anonymous_13)
FN:216,(anonymous_14)
FN:224,(anonymous_15)
FN:228,(anonymous_16)
FN:233,(anonymous_17)
FN:247,(anonymous_18)
FN:278,(anonymous_19)
FNF:19
FNH:0
FNDA:0,(anonymous_1)
FNDA:0,(anonymous_2)
FNDA:0,(anonymous_3)
FNDA:0,(anonymous_4)
FNDA:0,(anonymous_5)
FNDA:0,(anonymous_6)
FNDA:0,getFindObj
FNDA:0,clearObject
FNDA:0,(anonymous_9)
FNDA:0,(anonymous_10)
FNDA:0,(anonymous_11)
FNDA:0,(anonymous_12)
FNDA:0,(anonymous_13)
FNDA:0,(anonymous_14)
FNDA:0,(anonymous_15)
FNDA:0,(anonymous_16)
FNDA:0,(anonymous_17)
FNDA:0,(anonymous_18)
FNDA:0,(anonymous_19)
DA:1,1
DA:5,0
DA:17,0
DA:18,0
DA:20,0
DA:21,0
DA:22,0
DA:23,0
DA:24,0
DA:25,0
DA:26,0
DA:27,0
DA:29,0
DA:30,0
DA:31,0
DA:33,0
DA:36,0
DA:38,0
DA:39,0
DA:41,0
DA:44,0
DA:46,0
DA:47,0
DA:49,0
DA:50,0
DA:52,0
DA:55,0
DA:57,0
DA:58,0
DA:61,0
DA:62,0
DA:63,0
DA:66,0
DA:75,0
DA:96,0
DA:106,0
DA:108,0
DA:109,0
DA:110,0
DA:111,0
DA:116,0
DA:117,0
DA:118,0
DA:120,0
DA:122,1
DA:123,0
DA:125,0
DA:126,0
DA:128,0
DA:131,0
DA:134,1
DA:135,0
DA:136,0
DA:140,0
DA:141,0
DA:142,0
DA:146,0
DA:147,0
DA:148,0
DA:149,0
DA:151,0
DA:152,0
DA:153,0
DA:154,0
DA:157,0
DA:160,0
DA:161,0
DA:162,0
DA:168,0
DA:169,0
DA:170,0
DA:173,0
DA:176,0
DA:177,0
DA:178,0
DA:179,0
DA:181,0
DA:182,0
DA:183,0
DA:184,0
DA:186,0
DA:190,0
DA:191,0
DA:192,0
DA:195,0
DA:197,0
DA:199,0
DA:200,0
DA:202,0
DA:205,0
DA:206,0
DA:208,0
DA:212,0
DA:216,0
DA:217,0
DA:218,0
DA:221,0
DA:224,0
DA:225,0
DA:226,0
DA:228,0
DA:229,0
DA:233,0
DA:234,0
DA:236,0
DA:237,0
DA:240,0
DA:241,0
DA:243,0
DA:247,0
DA:248,0
DA:249,0
DA:251,0
DA:252,0
DA:254,0
DA:257,0
DA:258,0
DA:259,0
DA:260,0
DA:262,0
DA:265,0
DA:267,0
DA:269,0
DA:270,0
DA:271,0
DA:272,0
DA:273,0
DA:274,0
DA:278,0
DA:279,0
DA:280,0
DA:283,0
DA:286,0
LF:133
LH:3
BRDA:17,1,0,0
BRDA:17,1,1,0
BRDA:18,2,0,0
BRDA:18,2,1,0
BRDA:29,3,0,0
BRDA:29,3,1,0
BRDA:38,4,0,0
BRDA:38,4,1,0
BRDA:90,5,0,0
BRDA:90,5,1,0
BRDA:106,6,0,0
BRDA:106,6,1,0
BRDA:108,7,0,0
BRDA:108,7,1,0
BRDA:110,8,0,0
BRDA:110,8,1,0
BRDA:116,9,0,0
BRDA:116,9,1,0
BRDA:117,10,0,0
BRDA:117,10,1,0
BRDA:125,11,0,0
BRDA:125,11,1,0
BRDA:140,12,0,0
BRDA:140,12,1,0
BRDA:141,13,0,0
BRDA:141,13,1,0
BRDA:141,14,0,0
BRDA:141,14,1,0
BRDA:146,15,0,0
BRDA:146,15,1,0
BRDA:151,16,0,0
BRDA:151,16,1,0
BRDA:151,16,2,0
BRDA:152,17,0,0
BRDA:152,17,1,0
BRDA:152,18,0,0
BRDA:152,18,1,0
BRDA:153,19,0,0
BRDA:153,19,1,0
BRDA:160,20,0,0
BRDA:160,20,1,0
BRDA:169,21,0,0
BRDA:169,21,1,0
BRDA:177,22,0,0
BRDA:177,22,1,0
BRDA:177,23,0,0
BRDA:177,23,1,0
BRDA:177,23,2,0
BRDA:177,23,3,0
BRDA:178,24,0,0
BRDA:178,24,1,0
BRDA:182,25,0,0
BRDA:182,25,1,0
BRDA:186,26,0,0
BRDA:186,26,1,0
BRDA:190,27,0,0
BRDA:190,27,1,0
BRDA:199,28,0,0
BRDA:199,28,1,0
BRDA:200,29,0,0
BRDA:200,29,1,0
BRDA:200,30,0,0
BRDA:200,30,1,0
BRDA:202,31,0,0
BRDA:202,31,1,0
BRDA:205,32,0,0
BRDA:205,32,1,0
BRDA:217,33,0,0
BRDA:217,33,1,0
BRDA:217,34,0,0
BRDA:217,34,1,0
BRDA:234,35,0,0
BRDA:234,35,1,0
BRDA:236,36,0,0
BRDA:236,36,1,0
BRDA:240,37,0,0
BRDA:240,37,1,0
BRDA:251,38,0,0
BRDA:251,38,1,0
BRDA:257,39,0,0
BRDA:257,39,1,0
BRDA:265,40,0,0
BRDA:265,40,1,0
BRDA:269,41,0,0
BRDA:269,41,1,0
BRDA:269,42,0,0
BRDA:269,42,1,0
BRDA:272,43,0,0
BRDA:272,43,1,0
BRDA:272,44,0,0
BRDA:272,44,1,0
BRDA:272,44,2,0
BRDA:279,45,0,0
BRDA:279,45,1,0
BRDA:280,46,0,0
BRDA:280,46,1,0
BRDA:280,46,2,0
BRF:97
BRH:0
end_of_record
TN:
SF:./src/components/directives/resultsTable.js
FN:2,(anonymous_1)
FN:25,(anonymous_2)
FN:27,(anonymous_3)
FN:52,(anonymous_4)
FN:58,(anonymous_5)
FN:65,(anonymous_6)
FN:78,(anonymous_7)
FN:83,(anonymous_8)
FN:101,(anonymous_9)
FN:113,getStoredLastColumnDefs
FN:124,(anonymous_11)
FN:128,(anonymous_12)
FN:136,(anonymous_13)
FN:154,(anonymous_14)
FN:160,(anonymous_15)
FN:170,(anonymous_16)
FN:178,(anonymous_17)
FN:193,(anonymous_18)
FN:427,getTableCreateOptions
FN:444,(anonymous_20)
FN:450,(anonymous_21)
FN:473,(anonymous_22)
FN:496,(anonymous_23)
FNF:23
FNH:0
FNDA:0,(anonymous_1)
FNDA:0,(anonymous_2)
FNDA:0,(anonymous_3)
FNDA:0,(anonymous_4)
FNDA:0,(anonymous_5)
FNDA:0,(anonymous_6)
FNDA:0,(anonymous_7)
FNDA:0,(anonymous_8)
FNDA:0,(anonymous_9)
FNDA:0,getStoredLastColumnDefs
FNDA:0,(anonymous_11)
FNDA:0,(anonymous_12)
FNDA:0,(anonymous_13)
FNDA:0,(anonymous_14)
FNDA:0,(anonymous_15)
FNDA:0,(anonymous_16)
FNDA:0,(anonymous_17)
FNDA:0,(anonymous_18)
FNDA:0,getTableCreateOptions
FNDA:0,(anonymous_20)
FNDA:0,(anonymous_21)
FNDA:0,(anonymous_22)
FNDA:0,(anonymous_23)
DA:1,1
DA:5,0
DA:27,0
DA:31,0
DA:34,0
DA:36,0
DA:52,0
DA:53,0
DA:58,0
DA:60,0
DA:65,0
DA:68,0
DA:78,0
DA:80,0
DA:83,0
DA:90,0
DA:92,0
DA:96,0
DA:97,0
DA:101,0
DA:103,0
DA:104,0
DA:113,1
DA:115,0
DA:116,0
DA:124,0
DA:125,0
DA:128,0
DA:129,0
DA:135,0
DA:138,0
DA:150,0
DA:151,0
DA:154,0
DA:156,0
DA:160,0
DA:165,0
DA:170,0
DA:171,0
DA:172,0
DA:178,0
DA:179,0
DA:186,0
DA:193,0
DA:199,0
DA:202,0
DA:203,0
DA:209,0
DA:211,0
DA:218,0
DA:232,0
DA:241,0
DA:242,0
DA:244,0
DA:245,0
DA:247,0
DA:249,0
DA:253,0
DA:262,0
DA:263,0
DA:266,0
DA:272,0
DA:273,0
DA:274,0
DA:278,0
DA:283,0
DA:286,0
DA:288,0
DA:289,0
DA:292,0
DA:294,0
DA:306,0
DA:307,0
DA:317,0
DA:319,0
DA:320,0
DA:321,0
DA:323,0
DA:324,0
DA:325,0
DA:326,0
DA:328,0
DA:329,0
DA:331,0
DA:332,0
DA:333,0
DA:334,0
DA:336,0
DA:337,0
DA:338,0
DA:339,0
DA:341,0
DA:342,0
DA:344,0
DA:345,0
DA:347,0
DA:348,0
DA:350,0
DA:351,0
DA:352,0
DA:353,0
DA:355,0
DA:356,0
DA:357,0
DA:358,0
DA:360,0
DA:361,0
DA:362,0
DA:363,0
DA:365,0
DA:366,0
DA:367,0
DA:368,0
DA:371,0
DA:376,0
DA:403,0
DA:406,0
DA:407,0
DA:408,0
DA:411,0
DA:427,1
DA:428,0
DA:446,0
DA:447,0
DA:452,0
DA:453,0
DA:456,0
DA:457,0
DA:460,0
DA:461,0
DA:462,0
DA:464,0
DA:465,0
DA:469,0
DA:471,0
DA:473,0
DA:474,0
DA:476,0
DA:482,0
DA:499,0
LF:140
LH:3
BRDA:31,1,0,0
BRDA:31,1,1,0
BRDA:90,2,0,0
BRDA:90,2,1,0
BRDA:96,3,0,0
BRDA:96,3,1,0
BRDA:116,4,0,0
BRDA:116,4,1,0
BRDA:116,5,0,0
BRDA:116,5,1,0
BRDA:138,6,0,0
BRDA:138,6,1,0
BRDA:150,7,0,0
BRDA:150,7,1,0
BRDA:171,8,0,0
BRDA:171,8,1,0
BRDA:199,9,0,0
BRDA:199,9,1,0
BRDA:209,10,0,0
BRDA:209,10,1,0
BRDA:241,11,0,0
BRDA:241,11,1,0
BRDA:266,12,0,0
BRDA:266,12,1,0
BRDA:266,13,0,0
BRDA:266,13,1,0
BRDA:266,13,2,0
BRDA:278,14,0,0
BRDA:278,14,1,0
BRDA:283,15,0,0
BRDA:283,15,1,0
BRDA:288,16,0,0
BRDA:288,16,1,0
BRDA:292,17,0,0
BRDA:292,17,1,0
BRDA:292,18,0,0
BRDA:292,18,1,0
BRDA:306,19,0,0
BRDA:306,19,1,0
BRDA:317,20,0,0
BRDA:317,20,1,0
BRDA:323,21,0,0
BRDA:323,21,1,0
BRDA:323,22,0,0
BRDA:323,22,1,0
BRDA:323,22,2,0
BRDA:323,22,3,0
BRDA:323,22,4,0
BRDA:323,22,5,0
BRDA:323,22,6,0
BRDA:328,23,0,0
BRDA:328,23,1,0
BRDA:328,24,0,0
BRDA:328,24,1,0
BRDA:328,24,2,0
BRDA:328,24,3,0
BRDA:328,24,4,0
BRDA:328,24,5,0
BRDA:331,25,0,0
BRDA:331,25,1,0
BRDA:331,26,0,0
BRDA:331,26,1,0
BRDA:331,26,2,0
BRDA:331,26,3,0
BRDA:331,26,4,0
BRDA:331,26,5,0
BRDA:336,27,0,0
BRDA:336,27,1,0
BRDA:336,28,0,0
BRDA:336,28,1,0
BRDA:336,28,2,0
BRDA:336,28,3,0
BRDA:336,28,4,0
BRDA:336,28,5,0
BRDA:341,29,0,0
BRDA:341,29,1,0
BRDA:341,30,0,0
BRDA:341,30,1,0
BRDA:341,30,2,0
BRDA:341,30,3,0
BRDA:341,30,4,0
BRDA:341,30,5,0
BRDA:341,30,6,0
BRDA:344,31,0,0
BRDA:344,31,1,0
BRDA:344,32,0,0
BRDA:344,32,1,0
BRDA:344,32,2,0
BRDA:344,32,3,0
BRDA:344,32,4,0
BRDA:344,32,5,0
BRDA:347,33,0,0
BRDA:347,33,1,0
BRDA:347,34,0,0
BRDA:347,34,1,0
BRDA:347,34,2,0
BRDA:347,34,3,0
BRDA:347,34,4,0
BRDA:347,34,5,0
BRDA:350,35,0,0
BRDA:350,35,1,0
BRDA:350,36,0,0
BRDA:350,36,1,0
BRDA:350,36,2,0
BRDA:350,36,3,0
BRDA:350,36,4,0
BRDA:350,36,5,0
BRDA:350,36,6,0
BRDA:355,37,0,0
BRDA:355,37,1,0
BRDA:355,38,0,0
BRDA:355,38,1,0
BRDA:355,38,2,0
BRDA:355,38,3,0
BRDA:355,38,4,0
BRDA:355,38,5,0
BRDA:360,39,0,0
BRDA:360,39,1,0
BRDA:360,40,0,0
BRDA:360,40,1,0
BRDA:360,40,2,0
BRDA:360,40,3,0
BRDA:360,40,4,0
BRDA:360,40,5,0
BRDA:360,40,6,0
BRDA:365,41,0,0
BRDA:365,41,1,0
BRDA:365,42,0,0
BRDA:365,42,1,0
BRDA:365,42,2,0
BRDA:365,42,3,0
BRDA:365,42,4,0
BRDA:365,42,5,0
BRDA:365,42,6,0
BRDA:365,42,7,0
BRDA:406,43,0,0
BRDA:406,43,1,0
BRDA:406,44,0,0
BRDA:406,44,1,0
BRDA:456,45,0,0
BRDA:456,45,1,0
BRDA:464,46,0,0
BRDA:464,46,1,0
BRDA:469,47,0,0
BRDA:469,47,1,0
BRF:145
BRH:0
end_of_record
TN:
SF:./src/components/directives/treeView.js
FN:53,(anonymous_1)
FN:68,(anonymous_2)
FN:72,(anonymous_3)
FN:86,(anonymous_4)
FN:92,(anonymous_5)
FN:105,(anonymous_6)
FN:113,(anonymous_7)
FNF:7
FNH:0
FNDA:0,(anonymous_1)
FNDA:0,(anonymous_2)
FNDA:0,(anonymous_3)
FNDA:0,(anonymous_4)
FNDA:0,(anonymous_5)
FNDA:0,(anonymous_6)
FNDA:0,(anonymous_7)
DA:52,1
DA:56,0
DA:70,0
DA:72,0
DA:78,0
DA:79,0
DA:80,0
DA:83,0
DA:86,0
DA:88,0
DA:92,0
DA:95,0
DA:96,0
DA:99,0
DA:100,0
DA:105,0
DA:106,0
DA:113,0
DA:114,0
LF:19
LH:1
BRDA:79,1,0,0
BRDA:79,1,1,0
BRDA:79,2,0,0
BRDA:79,2,1,0
BRDA:83,3,0,0
BRDA:83,3,1,0
BRDA:83,4,0,0
BRDA:83,4,1,0
BRDA:86,5,0,0
BRDA:86,5,1,0
BRDA:92,6,0,0
BRDA:92,6,1,0
BRDA:95,7,0,0
BRDA:95,7,1,0
BRDA:95,8,0,0
BRDA:95,8,1,0
BRDA:105,9,0,0
BRDA:105,9,1,0
BRF:18
BRH:0
end_of_record
TN:
SF:./src/components/directives/userMessage.js
FN:12,(anonymous_1)
FN:30,(anonymous_2)
FNF:2
FNH:2
FNDA:1,(anonymous_1)
FNDA:1,(anonymous_2)
DA:12,1
DA:15,1
DA:32,1
DA:34,1
DA:35,1
LF:5
LH:5
BRF:0
BRH:0
end_of_record
TN:
SF:./src/components/directives/draggable.js
FN:2,(anonymous_1)
FN:6,(anonymous_2)
FN:15,(anonymous_3)
FN:24,mousemove
FN:33,mouseup
FNF:5
FNH:0
FNDA:0,(anonymous_1)
FNDA:0,(anonymous_2)
FNDA:0,(anonymous_3)
FNDA:0,mousemove
FNDA:0,mouseup
DA:2,1
DA:6,0
DA:7,0
DA:11,0
DA:15,0
DA:18,0
DA:19,0
DA:20,0
DA:21,0
DA:24,1
DA:25,0
DA:26,0
DA:27,0
DA:33,1
DA:34,0
DA:35,0
LF:16
LH:3
BRF:0
BRH:0
end_of_record
TN:
SF:./src/components/filters/filterModule.js
FNF:0
FNH:0
DA:1,1
LF:1
LH:1
BRF:0
BRH:0
end_of_record
TN:
SF:./src/components/filters/isObjectEmpty.js
FN:1,(anonymous_1)
FN:3,(anonymous_2)
FNF:2
FNH:2
FNDA:2,(anonymous_1)
FNDA:2,(anonymous_2)
DA:1,1
DA:2,2
DA:3,2
DA:4,2
LF:4
LH:4
BRF:0
BRH:0
end_of_record
TN:
SF:./src/components/filters/partition.js
FN:1,(anonymous_1)
FN:2,(anonymous_2)
FNF:2
FNH:2
FNDA:2,(anonymous_1)
FNDA:3,(anonymous_2)
DA:1,1
DA:2,2
DA:3,3
DA:4,2
DA:5,2
DA:6,5
DA:8,2
DA:10,2
LF:8
LH:8
BRDA:3,1,0,1
BRDA:3,1,1,2
BRF:2
BRH:2
end_of_record
TN:
SF:./src/app/canopi-app/canopiapp.js
FN:9,(anonymous_1)
FN:32,(anonymous_2)
FN:366,(anonymous_3)
FN:391,loadUser
FN:416,(anonymous_5)
FN:429,loadPickLists
FN:433,(anonymous_7)
FNF:7
FNH:7
FNDA:12,(anonymous_1)
FNDA:12,(anonymous_2)
FNDA:12,(anonymous_3)
FNDA:12,loadUser
FNDA:3,(anonymous_5)
FNDA:12,loadPickLists
FNDA:3,(anonymous_7)
DA:1,1
DA:9,1
DA:10,12
DA:32,1
DA:37,12
DA:365,1
DA:384,12
DA:387,12
DA:391,1
DA:398,12
DA:407,12
DA:409,12
DA:410,1
DA:414,12
DA:416,12
DA:419,3
DA:420,3
DA:429,1
DA:431,12
DA:433,12
DA:441,3
LF:21
LH:21
BRDA:398,1,0,12
BRDA:398,1,1,0
BRDA:409,2,0,1
BRDA:409,2,1,11
BRDA:431,3,0,12
BRDA:431,3,1,0
BRF:6
BRH:4
end_of_record
TN:
SF:./src/app/canopi-app/dashboard/controllers/dashboardController.js
FN:2,(anonymous_1)
FN:8,init
FN:21,initializeScopeVariables
FN:184,setupScopeMethods
FN:232,setupWatchers
FNF:5
FNH:5
FNDA:1,(anonymous_1)
FNDA:1,init
FNDA:1,initializeScopeVariables
FNDA:1,setupScopeMethods
FNDA:1,setupWatchers
DA:1,1
DA:5,1
DA:8,1
DA:10,1
DA:12,1
DA:14,1
DA:21,1
DA:23,1
DA:26,1
DA:29,1
DA:34,1
DA:40,1
DA:61,1
DA:88,1
DA:97,1
DA:107,1
DA:148,1
DA:150,1
DA:151,1
DA:153,1
DA:163,1
DA:171,1
DA:184,1
DA:232,1
LF:24
LH:24
BRF:0
BRH:0
end_of_record
TN:
SF:./src/app/canopi-app/about/controllers/aboutController.js
FN:1,(anonymous_1)
FN:7,init
FN:13,getServerInfo
FN:17,(anonymous_4)
FNF:4
FNH:4
FNDA:1,(anonymous_1)
FNDA:1,init
FNDA:1,getServerInfo
FNDA:1,(anonymous_4)
DA:1,1
DA:4,1
DA:7,1
DA:9,1
DA:13,1
DA:15,1
DA:17,1
DA:19,1
DA:20,1
DA:21,1
LF:10
LH:10
BRF:0
BRH:0
end_of_record
TN:
SF:./src/app/canopi-app/admin/controllers/adminController.js
FN:2,(anonymous_1)
FN:9,init
FN:16,setupScopeValuesAndMethods
FNF:3
FNH:0
FNDA:0,(anonymous_1)
FNDA:0,init
FNDA:0,setupScopeValuesAndMethods
DA:1,1
DA:6,0
DA:9,1
DA:11,0
DA:16,1
LF:5
LH:3
BRF:0
BRH:0
end_of_record
TN:
SF:./src/app/canopi-app/admin/controllers/manageGroupsAdminController.js
FN:2,(anonymous_1)
FN:7,init
FN:15,setupScopeVariablesAndMethods
FN:66,(anonymous_4)
FN:72,(anonymous_5)
FN:102,(anonymous_6)
FN:106,(anonymous_7)
FN:188,(anonymous_8)
FN:196,(anonymous_9)
FN:204,(anonymous_10)
FN:208,(anonymous_11)
FN:216,(anonymous_12)
FN:219,(anonymous_13)
FN:226,(anonymous_14)
FN:228,(anonymous_15)
FN:237,(anonymous_16)
FN:241,(anonymous_17)
FN:247,(anonymous_18)
FN:251,(anonymous_19)
FN:256,(anonymous_20)
FN:283,(anonymous_21)
FN:289,(anonymous_22)
FN:315,(anonymous_23)
FN:321,(anonymous_24)
FN:334,(anonymous_25)
FN:343,(anonymous_26)
FN:351,(anonymous_27)
FN:359,(anonymous_28)
FN:364,(anonymous_29)
FN:369,populateUsersInfoInWorkGroup
FN:373,(anonymous_31)
FN:380,populatePermissionsListData
FN:382,(anonymous_33)
FN:402,filterPermissionsListData
FN:415,marshalNewWorkGroupRequest
FN:435,marshalModifiedAndRemoveWorkGroupRequest
FN:455,marshalRemoveUserInWorkGroup
FN:482,populatePicklistValues
FN:487,addAdminToWorkGroup
FN:501,clearSelectedItems
FN:505,removeAdminsFromGroup
FN:516,populateManageGroupsData
FN:519,(anonymous_43)
FNF:43
FNH:0
FNDA:0,(anonymous_1)
FNDA:0,init
FNDA:0,setupScopeVariablesAndMethods
FNDA:0,(anonymous_4)
FNDA:0,(anonymous_5)
FNDA:0,(anonymous_6)
FNDA:0,(anonymous_7)
FNDA:0,(anonymous_8)
FNDA:0,(anonymous_9)
FNDA:0,(anonymous_10)
FNDA:0,(anonymous_11)
FNDA:0,(anonymous_12)
FNDA:0,(anonymous_13)
FNDA:0,(anonymous_14)
FNDA:0,(anonymous_15)
FNDA:0,(anonymous_16)
FNDA:0,(anonymous_17)
FNDA:0,(anonymous_18)
FNDA:0,(anonymous_19)
FNDA:0,(anonymous_20)
FNDA:0,(anonymous_21)
FNDA:0,(anonymous_22)
FNDA:0,(anonymous_23)
FNDA:0,(anonymous_24)
FNDA:0,(anonymous_25)
FNDA:0,(anonymous_26)
FNDA:0,(anonymous_27)
FNDA:0,(anonymous_28)
FNDA:0,(anonymous_29)
FNDA:0,populateUsersInfoInWorkGroup
FNDA:0,(anonymous_31)
FNDA:0,populatePermissionsListData
FNDA:0,(anonymous_33)
FNDA:0,filterPermissionsListData
FNDA:0,marshalNewWorkGroupRequest
FNDA:0,marshalModifiedAndRemoveWorkGroupRequest
FNDA:0,marshalRemoveUserInWorkGroup
FNDA:0,populatePicklistValues
FNDA:0,addAdminToWorkGroup
FNDA:0,clearSelectedItems
FNDA:0,removeAdminsFromGroup
FNDA:0,populateManageGroupsData
FNDA:0,(anonymous_43)
DA:1,1
DA:5,0
DA:7,1
DA:9,0
DA:11,0
DA:15,1
DA:17,0
DA:19,0
DA:21,0
DA:23,0
DA:24,0
DA:26,0
DA:27,0
DA:28,0
DA:29,0
DA:30,0
DA:33,0
DA:34,0
DA:36,0
DA:42,0
DA:49,0
DA:51,0
DA:67,0
DA:68,0
DA:69,0
DA:70,0
DA:71,0
DA:72,0
DA:74,0
DA:75,0
DA:76,0
DA:84,0
DA:103,0
DA:104,0
DA:105,0
DA:106,0
DA:108,0
DA:115,0
DA:134,0
DA:151,0
DA:168,0
DA:188,0
DA:189,0
DA:190,0
DA:191,0
DA:192,0
DA:193,0
DA:194,0
DA:195,0
DA:196,0
DA:198,0
DA:199,0
DA:201,0
DA:204,0
DA:205,0
DA:206,0
DA:207,0
DA:208,0
DA:209,0
DA:210,0
DA:212,0
DA:216,0
DA:217,0
DA:218,0
DA:219,0
DA:221,0
DA:223,0
DA:226,0
DA:227,0
DA:228,0
DA:230,0
DA:231,0
DA:232,0
DA:233,0
DA:237,0
DA:238,0
DA:239,0
DA:240,0
DA:241,0
DA:243,0
DA:247,0
DA:248,0
DA:249,0
DA:250,0
DA:251,0
DA:256,0
DA:257,0
DA:282,0
DA:283,0
DA:284,0
DA:286,0
DA:289,0
DA:290,0
DA:314,0
DA:315,0
DA:316,0
DA:318,0
DA:321,0
DA:322,0
DA:323,0
DA:324,0
DA:325,0
DA:328,0
DA:329,0
DA:334,0
DA:335,0
DA:336,0
DA:339,0
DA:343,0
DA:344,0
DA:345,0
DA:346,0
DA:347,0
DA:348,0
DA:351,0
DA:352,0
DA:353,0
DA:354,0
DA:355,0
DA:356,0
DA:359,0
DA:360,0
DA:361,0
DA:364,0
DA:365,0
DA:366,0
DA:369,1
DA:370,0
DA:371,0
DA:372,0
DA:373,0
DA:375,0
DA:376,0
DA:380,1
DA:381,0
DA:382,0
DA:384,0
DA:385,0
DA:386,0
DA:387,0
DA:388,0
DA:390,0
DA:391,0
DA:392,0
DA:395,0
DA:396,0
DA:402,1
DA:403,0
DA:404,0
DA:405,0
DA:406,0
DA:407,0
DA:408,0
DA:415,1
DA:417,0
DA:432,0
DA:435,1
DA:437,0
DA:452,0
DA:455,1
DA:457,0
DA:479,0
DA:482,1
DA:483,0
DA:484,0
DA:487,1
DA:488,0
DA:489,0
DA:490,0
DA:491,0
DA:492,0
DA:496,0
DA:497,0
DA:501,1
DA:502,0
DA:505,1
DA:506,0
DA:507,0
DA:508,0
DA:510,0
DA:516,1
DA:517,0
DA:518,0
DA:519,0
DA:521,0
DA:522,0
LF:186
LH:14
BRDA:68,1,0,0
BRDA:68,1,1,0
BRDA:68,2,0,0
BRDA:68,2,1,0
BRDA:69,3,0,0
BRDA:69,3,1,0
BRDA:103,4,0,0
BRDA:103,4,1,0
BRDA:206,5,0,0
BRDA:206,5,1,0
BRDA:322,6,0,0
BRDA:322,6,1,0
BRDA:322,7,0,0
BRDA:322,7,1,0
BRDA:323,8,0,0
BRDA:323,8,1,0
BRDA:335,9,0,0
BRDA:335,9,1,0
BRDA:385,10,0,0
BRDA:385,10,1,0
BRDA:386,11,0,0
BRDA:386,11,1,0
BRDA:390,12,0,0
BRDA:390,12,1,0
BRDA:404,13,0,0
BRDA:404,13,1,0
BRDA:404,14,0,0
BRDA:404,14,1,0
BRDA:407,15,0,0
BRDA:407,15,1,0
BRDA:491,16,0,0
BRDA:491,16,1,0
BRF:32
BRH:0
end_of_record
TN:
SF:./src/app/canopi-app/admin/controllers/manageUsersAdminController.js
FN:2,(anonymous_1)
FN:8,init
FN:16,setupScopeValuesAndMethods
FN:18,(anonymous_4)
FN:62,(anonymous_5)
FN:69,(anonymous_6)
FN:89,(anonymous_7)
FN:168,(anonymous_8)
FN:172,(anonymous_9)
FN:177,(anonymous_10)
FN:181,(anonymous_11)
FN:186,(anonymous_12)
FN:190,(anonymous_13)
FN:195,(anonymous_14)
FN:199,(anonymous_15)
FN:206,populateUserinfoGriddata
FN:212,(anonymous_17)
FN:223,(anonymous_18)
FN:233,(anonymous_19)
FN:243,clearSelectedItems
FN:249,(anonymous_21)
FN:257,(anonymous_22)
FN:269,(anonymous_23)
FN:293,(anonymous_24)
FN:316,(anonymous_25)
FN:329,(anonymous_26)
FN:339,(anonymous_27)
FN:346,(anonymous_28)
FN:374,marshaluserDeleteCheckRequest
FN:383,(anonymous_30)
FN:391,(anonymous_31)
FN:410,(anonymous_32)
FN:433,(anonymous_33)
FN:457,marshaluserAddRequest
FN:469,(anonymous_35)
FN:492,(anonymous_36)
FN:513,(anonymous_37)
FN:525,(anonymous_38)
FN:546,(anonymous_39)
FN:556,equals
FNF:40
FNH:0
FNDA:0,(anonymous_1)
FNDA:0,init
FNDA:0,setupScopeValuesAndMethods
FNDA:0,(anonymous_4)
FNDA:0,(anonymous_5)
FNDA:0,(anonymous_6)
FNDA:0,(anonymous_7)
FNDA:0,(anonymous_8)
FNDA:0,(anonymous_9)
FNDA:0,(anonymous_10)
FNDA:0,(anonymous_11)
FNDA:0,(anonymous_12)
FNDA:0,(anonymous_13)
FNDA:0,(anonymous_14)
FNDA:0,(anonymous_15)
FNDA:0,populateUserinfoGriddata
FNDA:0,(anonymous_17)
FNDA:0,(anonymous_18)
FNDA:0,(anonymous_19)
FNDA:0,clearSelectedItems
FNDA:0,(anonymous_21)
FNDA:0,(anonymous_22)
FNDA:0,(anonymous_23)
FNDA:0,(anonymous_24)
FNDA:0,(anonymous_25)
FNDA:0,(anonymous_26)
FNDA:0,(anonymous_27)
FNDA:0,(anonymous_28)
FNDA:0,marshaluserDeleteCheckRequest
FNDA:0,(anonymous_30)
FNDA:0,(anonymous_31)
FNDA:0,(anonymous_32)
FNDA:0,(anonymous_33)
FNDA:0,marshaluserAddRequest
FNDA:0,(anonymous_35)
FNDA:0,(anonymous_36)
FNDA:0,(anonymous_37)
FNDA:0,(anonymous_38)
FNDA:0,(anonymous_39)
FNDA:0,equals
DA:1,1
DA:6,0
DA:8,1
DA:10,0
DA:12,0
DA:16,1
DA:18,0
DA:19,0
DA:20,0
DA:23,0
DA:24,0
DA:25,0
DA:26,0
DA:27,0
DA:28,0
DA:29,0
DA:31,0
DA:32,0
DA:34,0
DA:40,0
DA:64,0
DA:67,0
DA:69,0
DA:71,0
DA:72,0
DA:74,0
DA:76,0
DA:78,0
DA:80,0
DA:82,0
DA:84,0
DA:87,0
DA:89,0
DA:90,0
DA:91,0
DA:93,0
DA:94,0
DA:96,0
DA:98,0
DA:100,0
DA:102,0
DA:104,0
DA:112,0
DA:121,0
DA:124,0
DA:140,0
DA:148,0
DA:168,0
DA:169,0
DA:173,0
DA:177,0
DA:178,0
DA:182,0
DA:186,0
DA:187,0
DA:191,0
DA:195,0
DA:196,0
DA:200,0
DA:206,1
DA:208,0
DA:210,0
DA:212,0
DA:214,0
DA:215,0
DA:217,0
DA:223,0
DA:225,0
DA:227,0
DA:229,0
DA:231,0
DA:233,0
DA:234,0
DA:235,0
DA:237,0
DA:243,1
DA:244,0
DA:249,0
DA:251,0
DA:253,0
DA:255,0
DA:257,0
DA:258,0
DA:259,0
DA:261,0
DA:264,0
DA:269,0
DA:271,0
DA:273,0
DA:275,0
DA:277,0
DA:279,0
DA:281,0
DA:285,0
DA:287,0
DA:293,0
DA:295,0
DA:297,0
DA:299,0
DA:301,0
DA:305,0
DA:307,0
DA:309,0
DA:311,0
DA:316,0
DA:318,0
DA:320,0
DA:322,0
DA:324,0
DA:329,0
DA:331,0
DA:333,0
DA:335,0
DA:337,0
DA:339,0
DA:340,0
DA:341,0
DA:343,0
DA:346,0
DA:348,0
DA:350,0
DA:352,0
DA:354,0
DA:358,0
DA:361,0
DA:363,0
DA:365,0
DA:369,0
DA:374,1
DA:376,0
DA:380,0
DA:383,0
DA:385,0
DA:387,0
DA:391,0
DA:393,0
DA:410,0
DA:412,0
DA:414,0
DA:416,0
DA:418,0
DA:420,0
DA:422,0
DA:424,0
DA:425,0
DA:429,0
DA:431,0
DA:433,0
DA:434,0
DA:435,0
DA:437,0
DA:439,0
DA:442,0
DA:444,0
DA:446,0
DA:451,0
DA:457,1
DA:459,0
DA:466,0
DA:469,0
DA:471,0
DA:473,0
DA:483,0
DA:484,0
DA:485,0
DA:492,0
DA:494,0
DA:496,0
DA:511,0
DA:513,0
DA:514,0
DA:515,0
DA:517,0
DA:520,0
DA:525,0
DA:527,0
DA:529,0
DA:544,0
DA:546,0
DA:547,0
DA:548,0
DA:550,0
DA:553,0
DA:556,1
DA:558,0
LF:185
LH:8
BRDA:74,1,0,0
BRDA:74,1,1,0
BRDA:80,2,0,0
BRDA:80,2,1,0
BRDA:96,3,0,0
BRDA:96,3,1,0
BRDA:96,4,0,0
BRDA:96,4,1,0
BRDA:102,5,0,0
BRDA:102,5,1,0
BRDA:271,6,0,0
BRDA:271,6,1,0
BRDA:299,7,0,0
BRDA:299,7,1,0
BRDA:307,8,0,0
BRDA:307,8,1,0
BRDA:331,9,0,0
BRDA:331,9,1,0
BRDA:352,10,0,0
BRDA:352,10,1,0
BRDA:385,11,0,0
BRDA:385,11,1,0
BRDA:422,12,0,0
BRDA:422,12,1,0
BRDA:429,13,0,0
BRDA:429,13,1,0
BRF:26
BRH:0
end_of_record
TN:
SF:./src/app/canopi-app/admin/controllers/modalController.js
FN:2,(anonymous_1)
FN:9,init
FN:16,setupScopeValuesAndMethods
FN:20,(anonymous_4)
FNF:4
FNH:0
FNDA:0,(anonymous_1)
FNDA:0,init
FNDA:0,setupScopeValuesAndMethods
FNDA:0,(anonymous_4)
DA:1,1
DA:6,0
DA:9,1
DA:11,0
DA:16,1
DA:20,0
DA:22,0
LF:7
LH:3
BRF:0
BRH:0
end_of_record
TN:
SF:./src/app/canopi-app/telco/inventory/controllers/serviceSearchController.js
FN:2,(anonymous_1)
FN:8,init
FN:15,setupScopeValuesAndMethods
FN:65,processSearchResult
FNF:4
FNH:0
FNDA:0,(anonymous_1)
FNDA:0,init
FNDA:0,setupScopeValuesAndMethods
FNDA:0,processSearchResult
DA:1,1
DA:5,0
DA:8,1
DA:10,0
DA:15,1
DA:18,0
DA:23,0
DA:24,0
DA:25,0
DA:26,0
DA:27,0
DA:28,0
DA:30,0
DA:32,0
DA:39,0
DA:59,0
DA:65,1
DA:68,0
DA:69,0
DA:70,0
DA:71,0
DA:72,0
LF:22
LH:4
BRF:0
BRH:0
end_of_record
TN:
SF:./src/app/canopi-app/telco/network/controllers/build/equipmentBuildController.js
FN:2,(anonymous_1)
FN:8,init
FN:15,setupScopeValuesAndMethods
FN:31,(anonymous_4)
FN:39,updateTreeData
FN:47,(anonymous_6)
FN:50,(anonymous_7)
FN:61,(anonymous_8)
FN:93,(anonymous_9)
FN:95,(anonymous_10)
FN:103,(anonymous_11)
FN:105,(anonymous_12)
FN:142,(anonymous_13)
FN:150,(anonymous_14)
FN:153,(anonymous_15)
FN:164,(anonymous_16)
FN:177,processResponseResult
FNF:17
FNH:0
FNDA:0,(anonymous_1)
FNDA:0,init
FNDA:0,setupScopeValuesAndMethods
FNDA:0,(anonymous_4)
FNDA:0,updateTreeData
FNDA:0,(anonymous_6)
FNDA:0,(anonymous_7)
FNDA:0,(anonymous_8)
FNDA:0,(anonymous_9)
FNDA:0,(anonymous_10)
FNDA:0,(anonymous_11)
FNDA:0,(anonymous_12)
FNDA:0,(anonymous_13)
FNDA:0,(anonymous_14)
FNDA:0,(anonymous_15)
FNDA:0,(anonymous_16)
FNDA:0,processResponseResult
DA:1,1
DA:5,0
DA:8,1
DA:10,0
DA:15,1
DA:17,0
DA:19,0
DA:25,0
DA:26,0
DA:28,0
DA:30,0
DA:32,0
DA:35,0
DA:39,1
DA:41,0
DA:46,0
DA:47,0
DA:49,0
DA:51,0
DA:52,0
DA:54,0
DA:55,0
DA:56,0
DA:57,0
DA:61,0
DA:62,0
DA:65,0
DA:68,0
DA:94,0
DA:95,0
DA:96,0
DA:97,0
DA:98,0
DA:104,0
DA:106,0
DA:107,0
DA:117,0
DA:142,0
DA:143,0
DA:144,0
DA:146,0
DA:150,0
DA:151,0
DA:152,0
DA:153,0
DA:154,0
DA:155,0
DA:157,0
DA:159,0
DA:160,0
DA:164,0
DA:165,0
DA:166,0
DA:167,0
DA:177,1
DA:178,0
DA:179,0
DA:180,0
DA:181,0
LF:59
LH:5
BRDA:56,1,0,0
BRDA:56,1,1,0
BRDA:56,2,0,0
BRDA:56,2,1,0
BRDA:143,3,0,0
BRDA:143,3,1,0
BRDA:154,4,0,0
BRDA:154,4,1,0
BRF:8
BRH:0
end_of_record
TN:
SF:./src/app/canopi-app/telco/network/controllers/build/equipmentReviewController.js
FN:2,(anonymous_1)
FN:8,init
FN:15,setupScopeValuesAndMethods
FNF:3
FNH:0
FNDA:0,(anonymous_1)
FNDA:0,init
FNDA:0,setupScopeValuesAndMethods
DA:1,1
DA:5,0
DA:8,1
DA:10,0
DA:15,1
DA:17,0
DA:19,0
LF:7
LH:3
BRF:0
BRH:0
end_of_record
TN:
SF:./src/app/canopi-app/telco/network/controllers/deviceDetailsController.js
FN:2,(anonymous_1)
FN:9,init
FN:13,setupScopeValuesAndMethods
FN:26,(anonymous_4)
FN:32,(anonymous_5)
FN:39,processResponseResult
FNF:6
FNH:0
FNDA:0,(anonymous_1)
FNDA:0,init
FNDA:0,setupScopeValuesAndMethods
FNDA:0,(anonymous_4)
FNDA:0,(anonymous_5)
FNDA:0,processResponseResult
DA:1,1
DA:4,0
DA:6,0
DA:9,1
DA:10,0
DA:13,1
DA:14,0
DA:20,0
DA:22,0
DA:23,0
DA:25,0
DA:27,0
DA:28,0
DA:31,0
DA:33,0
DA:34,0
DA:39,1
DA:40,0
DA:41,0
DA:42,0
DA:43,0
LF:21
LH:4
BRF:0
BRH:0
end_of_record
TN:
SF:./src/app/canopi-app/telco/network/controllers/equipmentModifyController.js
FN:2,(anonymous_1)
FN:8,init
FN:15,setupScopeValuesAndMethods
FN:31,(anonymous_4)
FN:41,updateTreeData
FN:49,(anonymous_6)
FN:52,(anonymous_7)
FN:63,(anonymous_8)
FN:95,(anonymous_9)
FN:97,(anonymous_10)
FN:105,(anonymous_11)
FN:107,(anonymous_12)
FN:144,(anonymous_13)
FN:152,(anonymous_14)
FN:155,(anonymous_15)
FN:166,(anonymous_16)
FN:179,processResponseResult
FNF:17
FNH:0
FNDA:0,(anonymous_1)
FNDA:0,init
FNDA:0,setupScopeValuesAndMethods
FNDA:0,(anonymous_4)
FNDA:0,updateTreeData
FNDA:0,(anonymous_6)
FNDA:0,(anonymous_7)
FNDA:0,(anonymous_8)
FNDA:0,(anonymous_9)
FNDA:0,(anonymous_10)
FNDA:0,(anonymous_11)
FNDA:0,(anonymous_12)
FNDA:0,(anonymous_13)
FNDA:0,(anonymous_14)
FNDA:0,(anonymous_15)
FNDA:0,(anonymous_16)
FNDA:0,processResponseResult
DA:1,1
DA:5,0
DA:8,1
DA:10,0
DA:15,1
DA:17,0
DA:19,0
DA:25,0
DA:26,0
DA:28,0
DA:30,0
DA:32,0
DA:35,0
DA:41,1
DA:43,0
DA:48,0
DA:49,0
DA:51,0
DA:53,0
DA:54,0
DA:56,0
DA:57,0
DA:58,0
DA:59,0
DA:63,0
DA:64,0
DA:67,0
DA:70,0
DA:96,0
DA:97,0
DA:98,0
DA:99,0
DA:100,0
DA:106,0
DA:108,0
DA:109,0
DA:119,0
DA:144,0
DA:145,0
DA:146,0
DA:148,0
DA:152,0
DA:153,0
DA:154,0
DA:155,0
DA:156,0
DA:157,0
DA:159,0
DA:161,0
DA:162,0
DA:166,0
DA:167,0
DA:168,0
DA:169,0
DA:179,1
DA:180,0
DA:181,0
DA:182,0
DA:183,0
LF:59
LH:5
BRDA:58,1,0,0
BRDA:58,1,1,0
BRDA:58,2,0,0
BRDA:58,2,1,0
BRDA:145,3,0,0
BRDA:145,3,1,0
BRDA:156,4,0,0
BRDA:156,4,1,0
BRF:8
BRH:0
end_of_record
TN:
SF:./src/app/canopi-app/telco/network/controllers/equipmentSearchController.js
FN:2,(anonymous_1)
FN:8,init
FN:17,setupScopeValuesAndMethods
FN:262,populatePicklistValues
FN:273,(anonymous_5)
FN:282,(anonymous_6)
FN:283,(anonymous_7)
FN:296,(anonymous_8)
FN:318,(anonymous_9)
FN:325,(anonymous_10)
FN:326,(anonymous_11)
FN:341,(anonymous_12)
FN:346,(anonymous_13)
FN:355,(anonymous_14)
FN:372,(anonymous_15)
FN:378,(anonymous_16)
FN:393,(anonymous_17)
FN:398,(anonymous_18)
FN:402,validateFormFields
FN:409,(anonymous_20)
FN:422,marshalEquipmentSearchRequest
FN:445,setPicklistsToDefaultValues
FNF:22
FNH:0
FNDA:0,(anonymous_1)
FNDA:0,init
FNDA:0,setupScopeValuesAndMethods
FNDA:0,populatePicklistValues
FNDA:0,(anonymous_5)
FNDA:0,(anonymous_6)
FNDA:0,(anonymous_7)
FNDA:0,(anonymous_8)
FNDA:0,(anonymous_9)
FNDA:0,(anonymous_10)
FNDA:0,(anonymous_11)
FNDA:0,(anonymous_12)
FNDA:0,(anonymous_13)
FNDA:0,(anonymous_14)
FNDA:0,(anonymous_15)
FNDA:0,(anonymous_16)
FNDA:0,(anonymous_17)
FNDA:0,(anonymous_18)
FNDA:0,validateFormFields
FNDA:0,(anonymous_20)
FNDA:0,marshalEquipmentSearchRequest
FNDA:0,setPicklistsToDefaultValues
DA:1,1
DA:5,0
DA:8,1
DA:10,0
DA:12,0
DA:17,1
DA:20,0
DA:25,0
DA:27,0
DA:29,0
DA:242,0
DA:244,0
DA:262,1
DA:263,0
DA:264,0
DA:265,0
DA:266,0
DA:267,0
DA:268,0
DA:269,0
DA:270,0
DA:273,0
DA:276,0
DA:279,0
DA:280,0
DA:282,0
DA:283,0
DA:284,0
DA:288,0
DA:292,0
DA:296,0
DA:297,0
DA:298,0
DA:299,0
DA:304,0
DA:307,0
DA:310,0
DA:312,0
DA:318,0
DA:319,0
DA:320,0
DA:321,0
DA:322,0
DA:323,0
DA:325,0
DA:326,0
DA:327,0
DA:329,0
DA:330,0
DA:331,0
DA:334,0
DA:335,0
DA:341,0
DA:342,0
DA:343,0
DA:345,0
DA:346,0
DA:347,0
DA:348,0
DA:349,0
DA:352,0
DA:355,0
DA:356,0
DA:357,0
DA:359,0
DA:360,0
DA:361,0
DA:362,0
DA:364,0
DA:365,0
DA:366,0
DA:369,0
DA:370,0
DA:372,0
DA:374,0
DA:375,0
DA:378,0
DA:379,0
DA:382,0
DA:384,0
DA:387,0
DA:393,0
DA:395,0
DA:398,0
DA:399,0
DA:402,1
DA:404,0
DA:406,0
DA:409,0
DA:410,0
DA:411,0
DA:412,0
DA:413,0
DA:414,0
DA:419,0
DA:422,1
DA:425,0
DA:442,0
DA:445,1
DA:447,0
DA:448,0
DA:453,0
DA:454,0
DA:455,0
DA:456,0
DA:457,0
DA:458,0
DA:459,0
DA:460,0
DA:461,0
DA:462,0
DA:463,0
LF:112
LH:7
BRDA:276,1,0,0
BRDA:276,1,1,0
BRDA:297,2,0,0
BRDA:297,2,1,0
BRDA:327,3,0,0
BRDA:327,3,1,0
BRDA:347,4,0,0
BRDA:347,4,1,0
BRDA:359,5,0,0
BRDA:359,5,1,0
BRDA:374,6,0,0
BRDA:374,6,1,0
BRDA:410,7,0,0
BRDA:410,7,1,0
BRDA:410,8,0,0
BRDA:410,8,1,0
BRDA:411,9,0,0
BRDA:411,9,1,0
BRF:18
BRH:0
end_of_record
TN:
SF:./src/app/canopi-app/telco/network/controllers/networkDiscoveryController.js
FN:2,(anonymous_1)
FN:8,init
FN:17,setupScopeValuesAndMethods
FN:19,(anonymous_4)
FN:36,(anonymous_5)
FN:43,(anonymous_6)
FN:51,processResponseResult
FNF:7
FNH:0
FNDA:0,(anonymous_1)
FNDA:0,init
FNDA:0,setupScopeValuesAndMethods
FNDA:0,(anonymous_4)
FNDA:0,(anonymous_5)
FNDA:0,(anonymous_6)
FNDA:0,processResponseResult
DA:1,1
DA:5,0
DA:8,1
DA:10,0
DA:17,1
DA:19,0
DA:20,0
DA:23,0
DA:29,0
DA:31,0
DA:33,0
DA:35,0
DA:37,0
DA:38,0
DA:42,0
DA:44,0
DA:45,0
DA:51,1
DA:52,0
DA:53,0
DA:54,0
DA:55,0
LF:22
LH:4
BRF:0
BRH:0
end_of_record
TN:
SF:./src/app/canopi-app/telco/network/controllers/topologyViewController.js
FN:2,(anonymous_1)
FN:8,init
FN:17,setupScopeValuesAndMethods
FN:21,(anonymous_4)
FN:47,(anonymous_5)
FNF:5
FNH:0
FNDA:0,(anonymous_1)
FNDA:0,init
FNDA:0,setupScopeValuesAndMethods
FNDA:0,(anonymous_4)
FNDA:0,(anonymous_5)
DA:1,1
DA:5,0
DA:8,1
DA:10,0
DA:17,1
DA:18,0
DA:19,0
DA:21,0
DA:24,0
DA:26,0
DA:27,0
DA:29,0
DA:34,0
DA:38,0
DA:42,0
DA:47,0
DA:48,0
DA:49,0
DA:50,0
DA:53,0
DA:54,0
DA:56,0
DA:58,0
DA:61,0
LF:24
LH:3
BRF:0
BRH:0
end_of_record
TN:
SF:./src/app/canopi-app/telco/orders/controllers/deviceSwap/newDeviceSwapController.js
FN:2,(anonymous_1)
FN:8,init
FN:18,initializeScopeVariables
FN:72,setupScopeMethods
FN:73,(anonymous_5)
FN:79,clearNewDeviceSwapScopeVariables
FN:89,processSearchResult
FNF:7
FNH:0
FNDA:0,(anonymous_1)
FNDA:0,init
FNDA:0,initializeScopeVariables
FNDA:0,setupScopeMethods
FNDA:0,(anonymous_5)
FNDA:0,clearNewDeviceSwapScopeVariables
FNDA:0,processSearchResult
DA:1,1
DA:5,0
DA:8,1
DA:10,0
DA:12,0
DA:18,1
DA:20,0
DA:21,0
DA:31,0
DA:39,0
DA:47,0
DA:58,0
DA:68,0
DA:69,0
DA:72,1
DA:73,0
DA:74,0
DA:79,1
DA:80,0
DA:86,0
DA:89,1
DA:92,0
DA:93,0
DA:94,0
DA:95,0
DA:96,0
LF:26
LH:6
BRF:0
BRH:0
end_of_record
TN:
SF:./src/app/canopi-app/telco/orders/controllers/inlCNLLAGPO/changeLagPOController.js
FN:2,(anonymous_1)
FN:8,init
FN:18,initializeScopeVariables
FN:46,setupScopeMethods
FN:47,(anonymous_5)
FN:53,clearChangeLAGPOScopeVariables
FNF:6
FNH:0
FNDA:0,(anonymous_1)
FNDA:0,init
FNDA:0,initializeScopeVariables
FNDA:0,setupScopeMethods
FNDA:0,(anonymous_5)
FNDA:0,clearChangeLAGPOScopeVariables
DA:1,1
DA:5,0
DA:8,1
DA:10,0
DA:12,0
DA:18,1
DA:20,0
DA:21,0
DA:27,0
DA:46,1
DA:47,0
DA:48,0
DA:53,1
DA:54,0
DA:105,0
LF:15
LH:5
BRF:0
BRH:0
end_of_record
TN:
SF:./src/app/canopi-app/telco/orders/controllers/inlCNLLAGPO/disconnectInlCNLPOController.js
FN:2,(anonymous_1)
FN:8,init
FN:18,initializeScopeVariables
FN:60,setupScopeMethods
FN:64,(anonymous_5)
FN:73,(anonymous_6)
FN:79,clearDisconnectINLCNLScopeVariables
FNF:7
FNH:0
FNDA:0,(anonymous_1)
FNDA:0,init
FNDA:0,initializeScopeVariables
FNDA:0,setupScopeMethods
FNDA:0,(anonymous_5)
FNDA:0,(anonymous_6)
FNDA:0,clearDisconnectINLCNLScopeVariables
DA:1,1
DA:5,0
DA:8,1
DA:10,0
DA:12,0
DA:18,1
DA:20,0
DA:21,0
DA:29,0
DA:33,0
DA:38,0
DA:39,0
DA:41,0
DA:60,1
DA:62,0
DA:64,0
DA:66,0
DA:67,0
DA:69,0
DA:73,0
DA:74,0
DA:79,1
DA:80,0
DA:99,0
LF:24
LH:5
BRF:0
BRH:0
end_of_record
TN:
SF:./src/app/canopi-app/telco/orders/controllers/inlCNLLAGPO/disconnectLagPOController.js
FN:2,(anonymous_1)
FN:8,init
FN:18,initializeScopeVariables
FN:61,setupScopeMethods
FN:65,(anonymous_5)
FN:74,(anonymous_6)
FN:80,clearDisconnectLAGPOScopeVariables
FNF:7
FNH:0
FNDA:0,(anonymous_1)
FNDA:0,init
FNDA:0,initializeScopeVariables
FNDA:0,setupScopeMethods
FNDA:0,(anonymous_5)
FNDA:0,(anonymous_6)
FNDA:0,clearDisconnectLAGPOScopeVariables
DA:1,1
DA:5,0
DA:8,1
DA:10,0
DA:12,0
DA:18,1
DA:20,0
DA:21,0
DA:29,0
DA:33,0
DA:38,0
DA:39,0
DA:42,0
DA:61,1
DA:63,0
DA:65,0
DA:67,0
DA:68,0
DA:70,0
DA:74,0
DA:75,0
DA:80,1
DA:81,0
DA:87,0
LF:24
LH:5
BRF:0
BRH:0
end_of_record
TN:
SF:./src/app/canopi-app/telco/orders/controllers/inlCNLLAGPO/newAafCNLPOController.js
FN:2,(anonymous_1)
FN:8,init
FN:21,initializeScopeVariables
FN:46,setupScopeMethods
FN:50,(anonymous_5)
FN:59,(anonymous_6)
FN:65,clearNewAAFCNLPOScopeVariables
FNF:7
FNH:0
FNDA:0,(anonymous_1)
FNDA:0,init
FNDA:0,initializeScopeVariables
FNDA:0,setupScopeMethods
FNDA:0,(anonymous_5)
FNDA:0,(anonymous_6)
FNDA:0,clearNewAAFCNLPOScopeVariables
DA:1,1
DA:5,0
DA:8,1
DA:10,0
DA:12,0
DA:21,1
DA:25,0
DA:26,0
DA:30,0
DA:34,0
DA:39,0
DA:40,0
DA:43,0
DA:46,1
DA:48,0
DA:50,0
DA:52,0
DA:53,0
DA:55,0
DA:59,0
DA:60,0
DA:65,1
DA:66,0
DA:143,0
LF:24
LH:5
BRF:0
BRH:0
end_of_record
TN:
SF:./src/app/canopi-app/telco/orders/controllers/inlCNLLAGPO/newInlCNLLAGPOController.js
FN:2,(anonymous_1)
FN:8,init
FN:18,initializeScopeVariables
FN:61,setupScopeMethods
FN:74,(anonymous_5)
FN:95,(anonymous_6)
FN:105,(anonymous_7)
FN:115,clearINLCNLLAGPOScopeVariables
FNF:8
FNH:0
FNDA:0,(anonymous_1)
FNDA:0,init
FNDA:0,initializeScopeVariables
FNDA:0,setupScopeMethods
FNDA:0,(anonymous_5)
FNDA:0,(anonymous_6)
FNDA:0,(anonymous_7)
FNDA:0,clearINLCNLLAGPOScopeVariables
DA:1,1
DA:5,0
DA:8,1
DA:10,0
DA:12,0
DA:18,1
DA:20,0
DA:21,0
DA:28,0
DA:32,0
DA:37,0
DA:38,0
DA:41,0
DA:61,1
DA:74,0
DA:93,0
DA:95,0
DA:97,0
DA:98,0
DA:100,0
DA:105,0
DA:107,0
DA:115,1
DA:117,0
DA:157,0
LF:25
LH:5
BRF:0
BRH:0
end_of_record
TN:
SF:./src/app/canopi-app/telco/orders/controllers/multiPointEVCPO/changeMultiPointEVCPOController.js
FN:2,(anonymous_1)
FN:8,init
FN:18,initializeScopeVariables
FN:51,setupScopeMethods
FN:157,(anonymous_5)
FN:169,(anonymous_6)
FN:177,(anonymous_7)
FN:189,processSearchResult
FN:205,clearChangeMultiPointEVCPOScopeVariables
FNF:9
FNH:0
FNDA:0,(anonymous_1)
FNDA:0,init
FNDA:0,initializeScopeVariables
FNDA:0,setupScopeMethods
FNDA:0,(anonymous_5)
FNDA:0,(anonymous_6)
FNDA:0,(anonymous_7)
FNDA:0,processSearchResult
FNDA:0,clearChangeMultiPointEVCPOScopeVariables
DA:1,1
DA:5,0
DA:8,1
DA:11,0
DA:12,0
DA:18,1
DA:19,0
DA:23,0
DA:32,0
DA:38,0
DA:39,0
DA:41,0
DA:46,0
DA:51,1
DA:54,0
DA:64,0
DA:107,0
DA:150,0
DA:151,0
DA:157,0
DA:159,0
DA:163,0
DA:164,0
DA:165,0
DA:166,0
DA:169,0
DA:171,0
DA:172,0
DA:174,0
DA:177,0
DA:179,0
DA:189,1
DA:192,0
DA:194,0
DA:196,0
DA:198,0
DA:200,0
DA:205,1
DA:206,0
LF:39
LH:6
BRF:0
BRH:0
end_of_record
TN:
SF:./src/app/canopi-app/telco/orders/controllers/multiPointEVCPO/disconnectMultiPointEVCPOController.js
FN:2,(anonymous_1)
FN:8,init
FN:17,initializeScopeVariables
FN:48,setupScopeMethods
FN:141,(anonymous_5)
FN:150,(anonymous_6)
FN:158,(anonymous_7)
FN:169,processSearchResult
FN:184,clearDisconnectMultiPointEVCPOScopeVariables
FNF:9
FNH:0
FNDA:0,(anonymous_1)
FNDA:0,init
FNDA:0,initializeScopeVariables
FNDA:0,setupScopeMethods
FNDA:0,(anonymous_5)
FNDA:0,(anonymous_6)
FNDA:0,(anonymous_7)
FNDA:0,processSearchResult
FNDA:0,clearDisconnectMultiPointEVCPOScopeVariables
DA:1,1
DA:5,0
DA:8,1
DA:11,0
DA:12,0
DA:17,1
DA:18,0
DA:19,0
DA:25,0
DA:30,0
DA:35,0
DA:41,0
DA:42,0
DA:44,0
DA:48,1
DA:50,0
DA:60,0
DA:96,0
DA:134,0
DA:135,0
DA:141,0
DA:143,0
DA:147,0
DA:148,0
DA:150,0
DA:152,0
DA:153,0
DA:155,0
DA:158,0
DA:160,0
DA:169,1
DA:172,0
DA:174,0
DA:176,0
DA:178,0
DA:180,0
DA:184,1
DA:185,0
LF:38
LH:6
BRF:0
BRH:0
end_of_record
TN:
SF:./src/app/canopi-app/telco/orders/controllers/multiPointEVCPO/newMultiPointEVCPOController.js
FN:2,(anonymous_1)
FN:8,init
FN:17,setupScopeValuesAndMethods
FN:136,(anonymous_4)
FN:144,processSearchResult
FNF:5
FNH:0
FNDA:0,(anonymous_1)
FNDA:0,init
FNDA:0,setupScopeValuesAndMethods
FNDA:0,(anonymous_4)
FNDA:0,processSearchResult
DA:1,1
DA:5,0
DA:8,1
DA:10,0
DA:17,1
DA:19,0
DA:23,0
DA:24,0
DA:25,0
DA:26,0
DA:27,0
DA:28,0
DA:31,0
DA:32,0
DA:34,0
DA:44,0
DA:86,0
DA:129,0
DA:130,0
DA:136,0
DA:138,0
DA:144,1
DA:146,0
DA:148,0
DA:150,0
DA:152,0
DA:154,0
LF:27
LH:4
BRF:0
BRH:0
end_of_record
TN:
SF:./src/app/canopi-app/telco/orders/controllers/p2pEVCPO/changeP2PEVCPOController.js
FN:2,(anonymous_1)
FN:8,init
FN:18,initializeScopeVariables
FN:63,setupScopeMethods
FN:70,(anonymous_5)
FN:78,(anonymous_6)
FN:84,clearNewP2PEVCPOScopeVariables
FNF:7
FNH:0
FNDA:0,(anonymous_1)
FNDA:0,init
FNDA:0,initializeScopeVariables
FNDA:0,setupScopeMethods
FNDA:0,(anonymous_5)
FNDA:0,(anonymous_6)
FNDA:0,clearNewP2PEVCPOScopeVariables
DA:1,1
DA:5,0
DA:8,1
DA:10,0
DA:12,0
DA:18,1
DA:20,0
DA:21,0
DA:22,0
DA:23,0
DA:25,0
DA:27,0
DA:44,0
DA:51,0
DA:56,0
DA:57,0
DA:59,0
DA:63,1
DA:65,0
DA:66,0
DA:67,0
DA:68,0
DA:70,0
DA:72,0
DA:73,0
DA:75,0
DA:78,0
DA:79,0
DA:84,1
DA:85,0
DA:120,0
DA:121,0
DA:122,0
LF:33
LH:5
BRF:0
BRH:0
end_of_record
TN:
SF:./src/app/canopi-app/telco/orders/controllers/p2pEVCPO/disconnectP2PEVCPOController.js
FN:2,(anonymous_1)
FN:8,init
FN:18,initializeScopeVariables
FN:45,setupScopeMethods
FN:50,(anonymous_5)
FN:58,(anonymous_6)
FN:64,clearDisconnectP2PEVCPOScopeVariables
FNF:7
FNH:0
FNDA:0,(anonymous_1)
FNDA:0,init
FNDA:0,initializeScopeVariables
FNDA:0,setupScopeMethods
FNDA:0,(anonymous_5)
FNDA:0,(anonymous_6)
FNDA:0,clearDisconnectP2PEVCPOScopeVariables
DA:1,1
DA:5,0
DA:8,1
DA:10,0
DA:12,0
DA:18,1
DA:20,0
DA:28,0
DA:33,0
DA:38,0
DA:39,0
DA:41,0
DA:45,1
DA:47,0
DA:48,0
DA:50,0
DA:52,0
DA:53,0
DA:55,0
DA:58,0
DA:59,0
DA:64,1
DA:65,0
LF:23
LH:5
BRF:0
BRH:0
end_of_record
TN:
SF:./src/app/canopi-app/telco/orders/controllers/p2pEVCPO/newP2PEVCPOController.js
FN:2,(anonymous_1)
FN:8,init
FN:18,initializeScopeVariables
FN:53,setupScopeMethods
FN:60,(anonymous_5)
FN:69,(anonymous_6)
FN:75,clearNewP2PEVCPOScopeVariables
FNF:7
FNH:0
FNDA:0,(anonymous_1)
FNDA:0,init
FNDA:0,initializeScopeVariables
FNDA:0,setupScopeMethods
FNDA:0,(anonymous_5)
FNDA:0,(anonymous_6)
FNDA:0,clearNewP2PEVCPOScopeVariables
DA:1,1
DA:5,0
DA:8,1
DA:10,0
DA:12,0
DA:18,1
DA:20,0
DA:21,0
DA:23,0
DA:25,0
DA:33,0
DA:40,0
DA:45,0
DA:46,0
DA:49,0
DA:53,1
DA:55,0
DA:56,0
DA:57,0
DA:58,0
DA:60,0
DA:62,0
DA:63,0
DA:65,0
DA:69,0
DA:70,0
DA:75,1
DA:76,0
DA:111,0
LF:29
LH:5
BRF:0
BRH:0
end_of_record
TN:
SF:./src/app/canopi-app/telco/orders/controllers/search/projectOrderSearchController.js
FN:2,(anonymous_1)
FN:10,init
FN:21,initializeVMVariables
FN:119,setupVMMethods
FN:125,(anonymous_5)
FN:132,(anonymous_6)
FN:147,(anonymous_7)
FN:171,(anonymous_8)
FN:179,(anonymous_9)
FN:188,clearPOSearchVMVariables
FN:231,marshalPOSearchRequest
FN:285,processSearchResult
FN:294,setPicklistsToDefaultValues
FN:309,populatePicklistValues
FNF:14
FNH:14
FNDA:7,(anonymous_1)
FNDA:7,init
FNDA:7,initializeVMVariables
FNDA:7,setupVMMethods
FNDA:1,(anonymous_5)
FNDA:1,(anonymous_6)
FNDA:1,(anonymous_7)
FNDA:1,(anonymous_8)
FNDA:1,(anonymous_9)
FNDA:8,clearPOSearchVMVariables
FNDA:1,marshalPOSearchRequest
FNDA:1,processSearchResult
FNDA:8,setPicklistsToDefaultValues
FNDA:7,populatePicklistValues
DA:1,1
DA:5,7
DA:7,7
DA:10,1
DA:12,7
DA:14,7
DA:16,7
DA:21,1
DA:23,7
DA:25,7
DA:27,7
DA:29,7
DA:32,7
DA:41,7
DA:47,7
DA:48,7
DA:53,7
DA:54,7
DA:55,7
DA:58,7
DA:63,7
DA:65,7
DA:71,7
DA:78,7
DA:85,7
DA:92,7
DA:99,7
DA:106,7
DA:114,7
DA:119,1
DA:125,7
DA:127,1
DA:132,7
DA:134,1
DA:135,1
DA:137,1
DA:138,1
DA:140,1
DA:141,1
DA:144,1
DA:145,1
DA:147,1
DA:149,1
DA:151,1
DA:153,1
DA:154,1
DA:155,1
DA:157,1
DA:158,1
DA:160,1
DA:164,7
DA:165,7
DA:166,7
DA:167,7
DA:168,7
DA:169,7
DA:171,7
DA:173,1
DA:174,1
DA:176,1
DA:179,7
DA:181,1
DA:183,1
DA:188,1
DA:190,8
DA:231,1
DA:234,1
DA:279,1
DA:285,1
DA:287,1
DA:289,1
DA:294,1
DA:297,8
DA:298,8
DA:299,8
DA:300,8
DA:301,8
DA:302,8
DA:309,1
DA:331,7
DA:332,7
LF:81
LH:81
BRDA:140,1,0,1
BRDA:140,1,1,0
BRF:2
BRH:1
end_of_record
TN:
SF:./src/app/canopi-app/telco/orders/controllers/search/relatedOrdersSearchController.js
FN:2,(anonymous_1)
FN:8,init
FN:20,initializeScopeVariables
FN:78,setupScopeMethods
FN:80,(anonymous_5)
FN:114,(anonymous_6)
FN:134,(anonymous_7)
FN:152,(anonymous_8)
FN:170,(anonymous_9)
FN:184,(anonymous_10)
FN:218,(anonymous_11)
FN:238,(anonymous_12)
FN:256,(anonymous_13)
FN:274,(anonymous_14)
FN:286,(anonymous_15)
FN:290,(anonymous_16)
FN:297,(anonymous_17)
FN:313,(anonymous_18)
FN:404,processSearchResult
FN:413,clearROSearchScopeVariables
FN:426,marshalROSearchRequest
FN:440,marshalROSearchRequestCNLFacility
FN:449,marshalROSearchRequestEVCCircuitID
FN:460,marshalROSearchRequestDeviceClli
FN:469,setPicklistsToDefaultValues
FN:482,populatePicklistValues
FN:485,(anonymous_27)
FNF:27
FNH:0
FNDA:0,(anonymous_1)
FNDA:0,init
FNDA:0,initializeScopeVariables
FNDA:0,setupScopeMethods
FNDA:0,(anonymous_5)
FNDA:0,(anonymous_6)
FNDA:0,(anonymous_7)
FNDA:0,(anonymous_8)
FNDA:0,(anonymous_9)
FNDA:0,(anonymous_10)
FNDA:0,(anonymous_11)
FNDA:0,(anonymous_12)
FNDA:0,(anonymous_13)
FNDA:0,(anonymous_14)
FNDA:0,(anonymous_15)
FNDA:0,(anonymous_16)
FNDA:0,(anonymous_17)
FNDA:0,(anonymous_18)
FNDA:0,processSearchResult
FNDA:0,clearROSearchScopeVariables
FNDA:0,marshalROSearchRequest
FNDA:0,marshalROSearchRequestCNLFacility
FNDA:0,marshalROSearchRequestEVCCircuitID
FNDA:0,marshalROSearchRequestDeviceClli
FNDA:0,setPicklistsToDefaultValues
FNDA:0,populatePicklistValues
FNDA:0,(anonymous_27)
DA:1,1
DA:5,0
DA:8,1
DA:10,0
DA:12,0
DA:14,0
DA:20,1
DA:22,0
DA:24,0
DA:26,0
DA:27,0
DA:64,0
DA:65,0
DA:73,0
DA:78,1
DA:80,0
DA:81,0
DA:82,0
DA:83,0
DA:107,0
DA:108,0
DA:109,0
DA:110,0
DA:111,0
DA:112,0
DA:114,0
DA:116,0
DA:118,0
DA:119,0
DA:124,0
DA:128,0
DA:129,0
DA:130,0
DA:131,0
DA:132,0
DA:134,0
DA:136,0
DA:137,0
DA:141,0
DA:145,0
DA:146,0
DA:147,0
DA:149,0
DA:150,0
DA:152,0
DA:154,0
DA:155,0
DA:159,0
DA:164,0
DA:165,0
DA:167,0
DA:168,0
DA:170,0
DA:171,0
DA:172,0
DA:173,0
DA:175,0
DA:184,0
DA:185,0
DA:186,0
DA:187,0
DA:211,0
DA:212,0
DA:213,0
DA:214,0
DA:215,0
DA:216,0
DA:218,0
DA:220,0
DA:222,0
DA:224,0
DA:228,0
DA:232,0
DA:233,0
DA:234,0
DA:235,0
DA:236,0
DA:238,0
DA:240,0
DA:241,0
DA:245,0
DA:249,0
DA:250,0
DA:251,0
DA:253,0
DA:254,0
DA:256,0
DA:258,0
DA:259,0
DA:263,0
DA:268,0
DA:269,0
DA:271,0
DA:272,0
DA:274,0
DA:275,0
DA:276,0
DA:278,0
DA:279,0
DA:286,0
DA:287,0
DA:290,0
DA:292,0
DA:294,0
DA:297,0
DA:300,0
DA:301,0
DA:302,0
DA:305,0
DA:307,0
DA:308,0
DA:309,0
DA:313,0
DA:315,0
DA:404,1
DA:405,0
DA:407,0
DA:408,0
DA:413,1
DA:414,0
DA:426,1
DA:429,0
DA:436,0
DA:440,1
DA:441,0
DA:446,0
DA:449,1
DA:450,0
DA:457,0
DA:460,1
DA:461,0
DA:465,0
DA:469,1
DA:472,0
DA:473,0
DA:474,0
DA:475,0
DA:476,0
DA:477,0
DA:482,1
DA:485,0
DA:488,0
DA:490,0
DA:491,0
DA:492,0
DA:493,0
DA:494,0
DA:495,0
DA:497,0
DA:499,0
LF:150
LH:12
BRDA:108,1,0,0
BRDA:108,1,1,0
BRDA:128,2,0,0
BRDA:128,2,1,0
BRDA:145,3,0,0
BRDA:145,3,1,0
BRDA:212,4,0,0
BRDA:212,4,1,0
BRDA:232,5,0,0
BRDA:232,5,1,0
BRDA:249,6,0,0
BRDA:249,6,1,0
BRDA:301,7,0,0
BRDA:301,7,1,0
BRDA:488,8,0,0
BRDA:488,8,1,0
BRF:16
BRH:0
end_of_record
TN:
SF:./src/app/canopi-app/telco/orders/controllers/search/technicalOrderSearchController.js
FN:2,(anonymous_1)
FN:8,init
FN:18,initializeScopeVariables
FN:73,setupScopeMethods
FN:75,(anonymous_5)
FN:81,(anonymous_6)
FN:89,(anonymous_7)
FN:103,(anonymous_8)
FN:111,(anonymous_9)
FN:135,(anonymous_10)
FN:143,(anonymous_11)
FN:155,marshalTOSearchRequest
FN:218,clearTOSearchScopeVariables
FN:268,setPicklistsToDefaultValues
FN:281,processSearchResult
FN:290,populatePicklistValues
FN:293,(anonymous_17)
FNF:17
FNH:0
FNDA:0,(anonymous_1)
FNDA:0,init
FNDA:0,initializeScopeVariables
FNDA:0,setupScopeMethods
FNDA:0,(anonymous_5)
FNDA:0,(anonymous_6)
FNDA:0,(anonymous_7)
FNDA:0,(anonymous_8)
FNDA:0,(anonymous_9)
FNDA:0,(anonymous_10)
FNDA:0,(anonymous_11)
FNDA:0,marshalTOSearchRequest
FNDA:0,clearTOSearchScopeVariables
FNDA:0,setPicklistsToDefaultValues
FNDA:0,processSearchResult
FNDA:0,populatePicklistValues
FNDA:0,(anonymous_17)
DA:1,1
DA:5,0
DA:8,1
DA:10,0
DA:12,0
DA:14,0
DA:18,1
DA:20,0
DA:22,0
DA:24,0
DA:28,0
DA:39,0
DA:45,0
DA:46,0
DA:49,0
DA:50,0
DA:51,0
DA:57,0
DA:62,0
DA:64,0
DA:69,0
DA:73,1
DA:75,0
DA:77,0
DA:81,0
DA:83,0
DA:85,0
DA:86,0
DA:87,0
DA:89,0
DA:91,0
DA:92,0
DA:93,0
DA:94,0
DA:96,0
DA:97,0
DA:99,0
DA:103,0
DA:105,0
DA:107,0
DA:108,0
DA:109,0
DA:111,0
DA:113,0
DA:114,0
DA:115,0
DA:116,0
DA:118,0
DA:120,0
DA:122,0
DA:126,0
DA:127,0
DA:128,0
DA:129,0
DA:130,0
DA:131,0
DA:132,0
DA:133,0
DA:135,0
DA:137,0
DA:138,0
DA:140,0
DA:143,0
DA:144,0
DA:145,0
DA:155,1
DA:158,0
DA:211,0
DA:218,1
DA:220,0
DA:268,1
DA:271,0
DA:272,0
DA:273,0
DA:274,0
DA:275,0
DA:276,0
DA:281,1
DA:283,0
DA:285,0
DA:290,1
DA:293,0
DA:296,0
DA:298,0
DA:299,0
DA:300,0
DA:301,0
DA:302,0
DA:303,0
DA:305,0
DA:307,0
LF:91
LH:9
BRDA:296,1,0,0
BRDA:296,1,1,0
BRF:2
BRH:0
end_of_record
TN:
SF:./src/app/canopi-app/telco/orders/controllers/uniASEBBPO/changeUniASEBBPOController.js
FN:2,(anonymous_1)
FN:8,init
FN:17,setupScopeValuesAndMethods
FNF:3
FNH:0
FNDA:0,(anonymous_1)
FNDA:0,init
FNDA:0,setupScopeValuesAndMethods
DA:1,1
DA:5,0
DA:8,1
DA:10,0
DA:17,1
DA:19,0
DA:24,0
LF:7
LH:3
BRF:0
BRH:0
end_of_record
TN:
SF:./src/app/canopi-app/telco/orders/controllers/uniASEBBPO/disconnectUniASEBBPOController.js
FN:2,(anonymous_1)
FN:8,init
FN:17,setupScopeValuesAndMethods
FNF:3
FNH:0
FNDA:0,(anonymous_1)
FNDA:0,init
FNDA:0,setupScopeValuesAndMethods
DA:1,1
DA:5,0
DA:8,1
DA:10,0
DA:17,1
DA:19,0
DA:24,0
LF:7
LH:3
BRF:0
BRH:0
end_of_record
TN:
SF:./src/app/canopi-app/telco/orders/controllers/uniASEBBPO/newUniASEBBPOController.js
FN:2,(anonymous_1)
FN:8,init
FN:18,initializeScopeVariables
FN:48,setupScopeMethods
FN:57,(anonymous_5)
FN:65,(anonymous_6)
FN:76,clearNewUNIASEBBPOScopeVariables
FNF:7
FNH:0
FNDA:0,(anonymous_1)
FNDA:0,init
FNDA:0,initializeScopeVariables
FNDA:0,setupScopeMethods
FNDA:0,(anonymous_5)
FNDA:0,(anonymous_6)
FNDA:0,clearNewUNIASEBBPOScopeVariables
DA:1,1
DA:5,0
DA:8,1
DA:10,0
DA:11,0
DA:18,1
DA:19,0
DA:22,0
DA:31,0
DA:37,0
DA:38,0
DA:40,0
DA:44,0
DA:48,1
DA:50,0
DA:51,0
DA:52,0
DA:53,0
DA:54,0
DA:55,0
DA:57,0
DA:59,0
DA:60,0
DA:62,0
DA:65,0
DA:67,0
DA:76,1
DA:77,0
LF:28
LH:5
BRF:0
BRH:0
end_of_record
TN:
SF:./src/app/canopi-app/telco/orders/controllers/uniPO/changeUniPOController.js
FN:2,(anonymous_1)
FN:8,init
FN:17,setupScopeValuesAndMethods
FNF:3
FNH:0
FNDA:0,(anonymous_1)
FNDA:0,init
FNDA:0,setupScopeValuesAndMethods
DA:1,1
DA:5,0
DA:8,1
DA:10,0
DA:17,1
DA:19,0
DA:24,0
DA:25,0
LF:8
LH:3
BRF:0
BRH:0
end_of_record
TN:
SF:./src/app/canopi-app/telco/orders/controllers/uniPO/disconnectUniPOController.js
FN:2,(anonymous_1)
FN:8,init
FN:17,setupScopeValuesAndMethods
FNF:3
FNH:0
FNDA:0,(anonymous_1)
FNDA:0,init
FNDA:0,setupScopeValuesAndMethods
DA:1,1
DA:5,0
DA:8,1
DA:10,0
DA:17,1
DA:19,0
DA:24,0
DA:25,0
LF:8
LH:3
BRF:0
BRH:0
end_of_record
TN:
SF:./src/app/canopi-app/telco/orders/controllers/uniPO/newUniPOController.js
FN:2,(anonymous_1)
FN:8,init
FN:19,initializeScopeVariables
FN:53,setupScopeMethods
FN:67,(anonymous_5)
FN:75,(anonymous_6)
FN:84,clearNewUNIPOScopeVariables
FN:117,setPicklistsToDefaultValues
FN:136,populatePicklistValues
FN:139,(anonymous_10)
FNF:10
FNH:0
FNDA:0,(anonymous_1)
FNDA:0,init
FNDA:0,initializeScopeVariables
FNDA:0,setupScopeMethods
FNDA:0,(anonymous_5)
FNDA:0,(anonymous_6)
FNDA:0,clearNewUNIPOScopeVariables
FNDA:0,setPicklistsToDefaultValues
FNDA:0,populatePicklistValues
FNDA:0,(anonymous_10)
DA:1,1
DA:5,0
DA:8,1
DA:10,0
DA:12,0
DA:14,0
DA:19,1
DA:21,0
DA:27,0
DA:28,0
DA:33,0
DA:36,0
DA:42,0
DA:47,0
DA:48,0
DA:50,0
DA:53,1
DA:60,0
DA:61,0
DA:67,0
DA:69,0
DA:70,0
DA:72,0
DA:75,0
DA:77,0
DA:79,0
DA:84,1
DA:86,0
DA:117,1
DA:120,0
DA:121,0
DA:122,0
DA:123,0
DA:124,0
DA:125,0
DA:126,0
DA:127,0
DA:128,0
DA:129,0
DA:130,0
DA:131,0
DA:132,0
DA:136,1
DA:139,0
DA:142,0
DA:144,0
DA:145,0
DA:146,0
DA:147,0
DA:148,0
DA:149,0
DA:150,0
DA:151,0
DA:152,0
DA:153,0
DA:154,0
DA:155,0
DA:156,0
DA:158,0
DA:160,0
LF:60
LH:7
BRDA:142,1,0,0
BRDA:142,1,1,0
BRF:2
BRH:0
end_of_record
TN:
SF:./test/components/services/commonUtilJsonServiceSpec.js
FN:3,(anonymous_1)
FN:15,(anonymous_2)
FN:41,(anonymous_3)
FN:48,(anonymous_4)
FN:58,(anonymous_5)
FN:59,(anonymous_6)
FN:68,(anonymous_7)
FN:78,(anonymous_8)
FN:88,(anonymous_9)
FNF:9
FNH:9
FNDA:1,(anonymous_1)
FNDA:5,(anonymous_2)
FNDA:5,(anonymous_3)
FNDA:1,(anonymous_4)
FNDA:1,(anonymous_5)
FNDA:1,(anonymous_6)
FNDA:1,(anonymous_7)
FNDA:1,(anonymous_8)
FNDA:1,(anonymous_9)
DA:3,1
DA:5,1
DA:6,1
DA:7,1
DA:8,1
DA:9,1
DA:10,1
DA:12,1
DA:15,1
DA:16,5
DA:17,5
DA:18,5
DA:19,5
DA:20,5
DA:21,5
DA:22,5
DA:24,5
DA:31,5
DA:41,1
DA:42,5
DA:43,5
DA:48,1
DA:49,1
DA:50,1
DA:51,1
DA:52,1
DA:53,1
DA:54,1
DA:58,1
DA:59,1
DA:60,1
DA:62,1
DA:63,1
DA:68,1
DA:69,1
DA:70,1
DA:71,1
DA:72,1
DA:73,1
DA:74,1
DA:78,1
DA:79,1
DA:80,1
DA:81,1
DA:82,1
DA:83,1
DA:88,1
DA:89,1
DA:90,1
DA:91,1
DA:92,1
DA:93,1
LF:52
LH:52
BRF:0
BRH:0
end_of_record
TN:
SF:./test/components/services/helperUtilServiceSpec.js
FN:3,(anonymous_1)
FN:8,(anonymous_2)
FN:18,(anonymous_3)
FN:23,(anonymous_4)
FN:37,(anonymous_5)
FN:51,(anonymous_6)
FN:66,(anonymous_7)
FN:81,(anonymous_8)
FN:117,(anonymous_9)
FNF:9
FNH:9
FNDA:1,(anonymous_1)
FNDA:7,(anonymous_2)
FNDA:1,(anonymous_3)
FNDA:1,(anonymous_4)
FNDA:1,(anonymous_5)
FNDA:1,(anonymous_6)
FNDA:1,(anonymous_7)
FNDA:1,(anonymous_8)
FNDA:1,(anonymous_9)
DA:3,1
DA:4,1
DA:6,1
DA:8,1
DA:9,7
DA:18,1
DA:19,1
DA:20,1
DA:23,1
DA:25,1
DA:26,1
DA:27,1
DA:30,1
DA:31,1
DA:33,1
DA:37,1
DA:39,1
DA:40,1
DA:41,1
DA:44,1
DA:45,1
DA:47,1
DA:51,1
DA:53,1
DA:54,1
DA:55,1
DA:58,1
DA:59,1
DA:61,1
DA:66,1
DA:68,1
DA:69,1
DA:70,1
DA:73,1
DA:74,1
DA:76,1
DA:81,1
DA:84,1
DA:90,1
DA:96,1
DA:102,1
DA:108,1
DA:117,1
DA:119,1
DA:142,1
DA:144,1
DA:146,1
LF:47
LH:47
BRF:0
BRH:0
end_of_record
TN:
SF:./test/components/services/messagesServiceSpec.js
FN:3,(anonymous_1)
FN:8,(anonymous_2)
FN:12,(anonymous_3)
FN:16,(anonymous_4)
FN:21,(anonymous_5)
FN:27,(anonymous_6)
FNF:6
FNH:6
FNDA:1,(anonymous_1)
FNDA:4,(anonymous_2)
FNDA:1,(anonymous_3)
FNDA:1,(anonymous_4)
FNDA:1,(anonymous_5)
FNDA:1,(anonymous_6)
DA:3,1
DA:4,1
DA:6,1
DA:8,1
DA:9,4
DA:12,1
DA:13,1
DA:16,1
DA:17,1
DA:18,1
DA:21,1
DA:22,1
DA:23,1
DA:24,1
DA:27,1
DA:28,1
DA:29,1
DA:31,1
DA:32,1
LF:19
LH:19
BRF:0
BRH:0
end_of_record
TN:
SF:./test/components/services/orderSearchJsonServiceSpec.js
FN:3,(anonymous_1)
FN:10,(anonymous_2)
FN:16,(anonymous_3)
FN:21,(anonymous_4)
FN:28,(anonymous_5)
FN:35,(anonymous_6)
FN:42,(anonymous_7)
FN:49,(anonymous_8)
FNF:8
FNH:8
FNDA:1,(anonymous_1)
FNDA:5,(anonymous_2)
FNDA:5,(anonymous_3)
FNDA:1,(anonymous_4)
FNDA:1,(anonymous_5)
FNDA:1,(anonymous_6)
FNDA:1,(anonymous_7)
FNDA:1,(anonymous_8)
DA:3,1
DA:5,1
DA:7,1
DA:10,1
DA:11,5
DA:12,5
DA:16,1
DA:17,5
DA:18,5
DA:21,1
DA:22,1
DA:24,1
DA:25,1
DA:28,1
DA:29,1
DA:31,1
DA:32,1
DA:35,1
DA:36,1
DA:38,1
DA:39,1
DA:42,1
DA:43,1
DA:45,1
DA:46,1
DA:49,1
DA:50,1
DA:52,1
DA:53,1
LF:29
LH:29
BRF:0
BRH:0
end_of_record
TN:
SF:./test/components/services/uamJsonServiceSpec.js
FN:3,(anonymous_1)
FN:16,(anonymous_2)
FN:40,(anonymous_3)
FN:47,(anonymous_4)
FN:57,(anonymous_5)
FN:66,(anonymous_6)
FN:73,(anonymous_7)
FN:80,(anonymous_8)
FN:88,(anonymous_9)
FN:95,(anonymous_10)
FN:102,(anonymous_11)
FN:109,(anonymous_12)
FN:117,(anonymous_13)
FN:124,(anonymous_14)
FN:132,(anonymous_15)
FN:139,(anonymous_16)
FN:146,(anonymous_17)
FN:153,(anonymous_18)
FN:160,(anonymous_19)
FN:167,(anonymous_20)
FN:174,(anonymous_21)
FN:181,(anonymous_22)
FN:188,(anonymous_23)
FN:195,(anonymous_24)
FN:202,(anonymous_25)
FN:209,(anonymous_26)
FN:216,(anonymous_27)
FN:224,(anonymous_28)
FN:231,(anonymous_29)
FN:239,(anonymous_30)
FNF:30
FNH:30
FNDA:1,(anonymous_1)
FNDA:27,(anonymous_2)
FNDA:27,(anonymous_3)
FNDA:1,(anonymous_4)
FNDA:1,(anonymous_5)
FNDA:1,(anonymous_6)
FNDA:1,(anonymous_7)
FNDA:1,(anonymous_8)
FNDA:1,(anonymous_9)
FNDA:1,(anonymous_10)
FNDA:1,(anonymous_11)
FNDA:1,(anonymous_12)
FNDA:1,(anonymous_13)
FNDA:1,(anonymous_14)
FNDA:1,(anonymous_15)
FNDA:1,(anonymous_16)
FNDA:1,(anonymous_17)
FNDA:1,(anonymous_18)
FNDA:1,(anonymous_19)
FNDA:1,(anonymous_20)
FNDA:1,(anonymous_21)
FNDA:1,(anonymous_22)
FNDA:1,(anonymous_23)
FNDA:1,(anonymous_24)
FNDA:1,(anonymous_25)
FNDA:1,(anonymous_26)
FNDA:1,(anonymous_27)
FNDA:1,(anonymous_28)
FNDA:1,(anonymous_29)
FNDA:1,(anonymous_30)
DA:3,1
DA:5,1
DA:6,1
DA:7,1
DA:8,1
DA:9,1
DA:10,1
DA:12,1
DA:16,1
DA:17,27
DA:18,27
DA:19,27
DA:20,27
DA:21,27
DA:22,27
DA:23,27
DA:30,27
DA:40,1
DA:41,27
DA:42,27
DA:47,1
DA:48,1
DA:49,1
DA:50,1
DA:51,1
DA:52,1
DA:53,1
DA:57,1
DA:58,1
DA:59,1
DA:60,1
DA:61,1
DA:62,1
DA:63,1
DA:66,1
DA:67,1
DA:69,1
DA:70,1
DA:73,1
DA:74,1
DA:76,1
DA:77,1
DA:80,1
DA:81,1
DA:82,1
DA:84,1
DA:85,1
DA:88,1
DA:89,1
DA:91,1
DA:92,1
DA:95,1
DA:96,1
DA:98,1
DA:99,1
DA:102,1
DA:103,1
DA:105,1
DA:106,1
DA:109,1
DA:110,1
DA:111,1
DA:113,1
DA:114,1
DA:117,1
DA:118,1
DA:120,1
DA:121,1
DA:124,1
DA:125,1
DA:126,1
DA:128,1
DA:129,1
DA:132,1
DA:133,1
DA:135,1
DA:136,1
DA:139,1
DA:140,1
DA:142,1
DA:143,1
DA:146,1
DA:147,1
DA:149,1
DA:150,1
DA:153,1
DA:154,1
DA:156,1
DA:157,1
DA:160,1
DA:161,1
DA:163,1
DA:164,1
DA:167,1
DA:168,1
DA:170,1
DA:171,1
DA:174,1
DA:175,1
DA:177,1
DA:178,1
DA:181,1
DA:182,1
DA:184,1
DA:185,1
DA:188,1
DA:189,1
DA:191,1
DA:192,1
DA:195,1
DA:196,1
DA:198,1
DA:199,1
DA:202,1
DA:203,1
DA:205,1
DA:206,1
DA:209,1
DA:210,1
DA:212,1
DA:213,1
DA:216,1
DA:217,1
DA:218,1
DA:220,1
DA:221,1
DA:224,1
DA:225,1
DA:227,1
DA:228,1
DA:231,1
DA:232,1
DA:233,1
DA:235,1
DA:236,1
DA:239,1
DA:240,1
DA:241,1
DA:243,1
DA:244,1
LF:140
LH:140
BRF:0
BRH:0
end_of_record
TN:
SF:./test/components/filters/isObjectEmptySpec.js
FN:3,(anonymous_1)
FN:9,(anonymous_2)
FN:13,(anonymous_3)
FN:18,(anonymous_4)
FNF:4
FNH:4
FNDA:1,(anonymous_1)
FNDA:2,(anonymous_2)
FNDA:1,(anonymous_3)
FNDA:1,(anonymous_4)
DA:3,1
DA:5,1
DA:7,1
DA:9,1
DA:10,2
DA:13,1
DA:15,1
DA:18,1
DA:20,1
DA:23,1
LF:10
LH:10
BRF:0
BRH:0
end_of_record
TN:
SF:./test/components/filters/partitionSpec.js
FN:3,(anonymous_1)
FN:8,(anonymous_2)
FN:13,(anonymous_3)
FNF:3
FNH:3
FNDA:1,(anonymous_1)
FNDA:1,(anonymous_2)
FNDA:1,(anonymous_3)
DA:3,1
DA:6,1
DA:8,1
DA:10,1
DA:13,1
DA:15,1
DA:17,1
DA:19,1
LF:8
LH:8
BRF:0
BRH:0
end_of_record
TN:
SF:./test/components/directives/alertMessagesSpec.js
FN:3,(anonymous_1)
FN:16,(anonymous_2)
FN:17,(anonymous_3)
FN:18,(anonymous_4)
FN:22,(anonymous_5)
FN:29,(anonymous_6)
FN:37,complileDirective
FN:50,(anonymous_8)
FN:95,(anonymous_9)
FNF:9
FNH:9
FNDA:1,(anonymous_1)
FNDA:2,(anonymous_2)
FNDA:2,(anonymous_3)
FNDA:22,(anonymous_4)
FNDA:1,(anonymous_5)
FNDA:2,(anonymous_6)
FNDA:2,complileDirective
FNDA:1,(anonymous_8)
FNDA:1,(anonymous_9)
DA:3,1
DA:5,1
DA:6,1
DA:7,1
DA:8,1
DA:10,1
DA:11,1
DA:16,1
DA:17,2
DA:18,2
DA:19,22
DA:22,2
DA:23,1
DA:24,1
DA:29,1
DA:30,2
DA:31,2
DA:32,2
DA:33,2
DA:37,1
DA:39,2
DA:42,2
DA:45,2
DA:50,1
DA:52,1
DA:56,1
DA:59,1
DA:60,1
DA:61,1
DA:62,1
DA:67,1
DA:68,1
DA:69,1
DA:70,1
DA:71,1
DA:74,1
DA:78,1
DA:79,1
DA:80,1
DA:81,1
DA:89,1
DA:90,1
DA:91,1
DA:95,1
DA:97,1
DA:102,1
DA:105,1
DA:106,1
DA:107,1
DA:109,1
DA:113,1
DA:114,1
DA:115,1
LF:53
LH:53
BRDA:23,1,0,1
BRDA:23,1,1,0
BRDA:23,2,0,1
BRDA:23,2,1,1
BRF:4
BRH:3
end_of_record
TN:
SF:./test/components/directives/bootstrapDatepickerSpec.js
FN:1,(anonymous_1)
FN:6,(anonymous_2)
FN:11,compileDirective
FN:19,(anonymous_4)
FN:25,(anonymous_5)
FNF:5
FNH:5
FNDA:1,(anonymous_1)
FNDA:2,(anonymous_2)
FNDA:2,compileDirective
FNDA:1,(anonymous_4)
FNDA:1,(anonymous_5)
DA:1,1
DA:2,1
DA:4,1
DA:6,1
DA:7,2
DA:8,2
DA:11,1
DA:12,2
DA:14,2
DA:16,2
DA:19,1
DA:20,1
DA:22,1
DA:25,1
DA:26,1
DA:28,1
LF:16
LH:16
BRF:0
BRH:0
end_of_record
TN:
SF:./test/components/directives/maxmedia/activityIndicatorSpec.js
FN:1,(anonymous_1)
FN:7,(anonymous_2)
FN:13,complileDirective
FN:26,(anonymous_4)
FN:40,(anonymous_5)
FNF:5
FNH:5
FNDA:1,(anonymous_1)
FNDA:2,(anonymous_2)
FNDA:2,complileDirective
FNDA:1,(anonymous_4)
FNDA:1,(anonymous_5)
DA:1,1
DA:3,1
DA:5,1
DA:7,1
DA:8,2
DA:9,2
DA:13,1
DA:15,2
DA:18,2
DA:21,2
DA:26,1
DA:28,1
DA:30,1
DA:31,1
DA:33,1
DA:34,1
DA:35,1
DA:40,1
DA:42,1
DA:44,1
DA:45,1
DA:48,1
DA:49,1
LF:23
LH:23
BRF:0
BRH:0
end_of_record
TN:
SF:./test/components/directives/maxmedia/autoFillTextFieldSpec.js
FN:1,(anonymous_1)
FN:7,(anonymous_2)
FN:13,(anonymous_3)
FN:40,complileDirective
FN:51,(anonymous_5)
FNF:5
FNH:5
FNDA:1,(anonymous_1)
FNDA:1,(anonymous_2)
FNDA:1,(anonymous_3)
FNDA:1,complileDirective
FNDA:1,(anonymous_5)
DA:1,1
DA:3,1
DA:5,1
DA:7,1
DA:8,1
DA:9,1
DA:13,1
DA:14,1
DA:40,1
DA:42,1
DA:45,1
DA:48,1
DA:51,1
DA:52,1
DA:53,1
DA:55,1
DA:57,1
DA:59,1
DA:62,1
DA:63,1
DA:69,1
DA:70,1
DA:71,1
DA:74,1
DA:75,1
DA:77,1
DA:80,1
DA:81,1
DA:82,1
DA:83,1
DA:84,1
DA:85,1
DA:86,1
DA:89,1
DA:90,1
LF:35
LH:35
BRF:0
BRH:0
end_of_record
TN:
SF:./test/components/directives/maxmedia/checkboxGroupSpec.js
FN:1,(anonymous_1)
FN:7,(anonymous_2)
FN:13,(anonymous_3)
FN:20,complileDirective
FN:33,(anonymous_5)
FN:52,(anonymous_6)
FNF:6
FNH:6
FNDA:1,(anonymous_1)
FNDA:2,(anonymous_2)
FNDA:2,(anonymous_3)
FNDA:2,complileDirective
FNDA:1,(anonymous_5)
FNDA:1,(anonymous_6)
DA:1,1
DA:3,1
DA:5,1
DA:7,1
DA:8,2
DA:9,2
DA:13,1
DA:14,2
DA:20,1
DA:22,2
DA:25,2
DA:28,2
DA:33,1
DA:35,1
DA:37,1
DA:42,1
DA:43,1
DA:44,1
DA:46,1
DA:47,1
DA:48,1
DA:52,1
DA:54,1
DA:56,1
DA:58,1
DA:60,1
DA:62,1
DA:63,1
DA:64,1
DA:66,1
DA:68,1
DA:70,1
DA:71,1
DA:72,1
LF:34
LH:34
BRF:0
BRH:0
end_of_record
TN:
SF:./test/components/directives/maxmedia/checkboxSpec.js
FN:1,(anonymous_1)
FN:7,(anonymous_2)
FN:13,complileDirective
FN:26,(anonymous_4)
FN:39,(anonymous_5)
FN:52,(anonymous_6)
FN:70,(anonymous_7)
FNF:7
FNH:7
FNDA:1,(anonymous_1)
FNDA:4,(anonymous_2)
FNDA:4,complileDirective
FNDA:1,(anonymous_4)
FNDA:1,(anonymous_5)
FNDA:1,(anonymous_6)
FNDA:1,(anonymous_7)
DA:1,1
DA:3,1
DA:5,1
DA:7,1
DA:8,4
DA:9,4
DA:13,1
DA:15,4
DA:18,4
DA:21,4
DA:26,1
DA:28,1
DA:30,1
DA:31,1
DA:33,1
DA:34,1
DA:35,1
DA:39,1
DA:41,1
DA:43,1
DA:44,1
DA:46,1
DA:47,1
DA:48,1
DA:52,1
DA:54,1
DA:56,1
DA:58,1
DA:60,1
DA:62,1
DA:64,1
DA:65,1
DA:66,1
DA:70,1
DA:72,1
DA:74,1
DA:76,1
DA:78,1
DA:80,1
DA:82,1
DA:83,1
DA:84,1
LF:42
LH:42
BRF:0
BRH:0
end_of_record
TN:
SF:./test/components/directives/maxmedia/dialogBoxWithOptionalLaunchButtonSpec.js
FN:1,(anonymous_1)
FN:7,(anonymous_2)
FN:13,(anonymous_3)
FN:24,complileDirective
FN:37,(anonymous_5)
FNF:5
FNH:5
FNDA:1,(anonymous_1)
FNDA:1,(anonymous_2)
FNDA:1,(anonymous_3)
FNDA:1,complileDirective
FNDA:1,(anonymous_5)
DA:1,1
DA:3,1
DA:5,1
DA:7,1
DA:8,1
DA:9,1
DA:13,1
DA:14,1
DA:24,1
DA:26,1
DA:29,1
DA:32,1
DA:37,1
DA:39,1
DA:43,1
DA:46,1
DA:48,1
DA:50,1
LF:18
LH:18
BRF:0
BRH:0
end_of_record
TN:
SF:./test/components/directives/maxmedia/editFieldSpec.js
FN:1,(anonymous_1)
FN:7,(anonymous_2)
FN:13,(anonymous_3)
FN:18,complileDirective
FN:31,(anonymous_5)
FN:44,(anonymous_6)
FN:63,(anonymous_7)
FN:75,(anonymous_8)
FN:85,(anonymous_9)
FN:95,(anonymous_10)
FN:102,(anonymous_11)
FNF:11
FNH:11
FNDA:1,(anonymous_1)
FNDA:6,(anonymous_2)
FNDA:6,(anonymous_3)
FNDA:6,complileDirective
FNDA:1,(anonymous_5)
FNDA:1,(anonymous_6)
FNDA:1,(anonymous_7)
FNDA:1,(anonymous_8)
FNDA:1,(anonymous_9)
FNDA:1,(anonymous_10)
FNDA:1,(anonymous_11)
DA:1,1
DA:3,1
DA:5,1
DA:7,1
DA:8,6
DA:9,6
DA:13,1
DA:18,1
DA:20,6
DA:23,6
DA:26,6
DA:31,1
DA:33,1
DA:35,1
DA:38,1
DA:39,1
DA:44,1
DA:46,1
DA:48,1
DA:49,1
DA:50,1
DA:52,1
DA:53,1
DA:54,1
DA:56,1
DA:57,1
DA:58,1
DA:63,1
DA:65,1
DA:67,1
DA:69,1
DA:70,1
DA:75,1
DA:77,1
DA:79,1
DA:80,1
DA:85,1
DA:87,1
DA:89,1
DA:90,1
DA:95,1
DA:97,1
DA:99,1
DA:102,1
DA:103,1
DA:104,1
DA:108,1
DA:110,1
DA:112,1
DA:113,1
LF:50
LH:50
BRF:0
BRH:0
end_of_record
TN:
SF:./test/components/directives/maxmedia/notificationPopoverSpec.js
FN:1,(anonymous_1)
FN:7,(anonymous_2)
FN:13,(anonymous_3)
FN:23,complileDirective
FN:36,(anonymous_5)
FNF:5
FNH:5
FNDA:1,(anonymous_1)
FNDA:1,(anonymous_2)
FNDA:1,(anonymous_3)
FNDA:1,complileDirective
FNDA:1,(anonymous_5)
DA:1,1
DA:3,1
DA:5,1
DA:7,1
DA:8,1
DA:9,1
DA:13,1
DA:14,1
DA:23,1
DA:25,1
DA:28,1
DA:31,1
DA:36,1
DA:38,1
DA:40,1
DA:42,1
DA:45,1
DA:47,1
LF:18
LH:18
BRF:0
BRH:0
end_of_record
TN:
SF:./test/components/directives/maxmedia/radioButtonGroupSpec.js
FN:1,(anonymous_1)
FN:7,(anonymous_2)
FN:12,(anonymous_3)
FN:18,complileDirective
FN:31,(anonymous_5)
FN:47,(anonymous_6)
FN:65,(anonymous_7)
FN:84,(anonymous_8)
FNF:8
FNH:8
FNDA:1,(anonymous_1)
FNDA:4,(anonymous_2)
FNDA:4,(anonymous_3)
FNDA:4,complileDirective
FNDA:1,(anonymous_5)
FNDA:1,(anonymous_6)
FNDA:1,(anonymous_7)
FNDA:1,(anonymous_8)
DA:1,1
DA:3,1
DA:5,1
DA:7,1
DA:8,4
DA:9,4
DA:12,1
DA:13,4
DA:18,1
DA:20,4
DA:23,4
DA:26,4
DA:31,1
DA:33,1
DA:35,1
DA:37,1
DA:38,1
DA:39,1
DA:41,1
DA:42,1
DA:43,1
DA:47,1
DA:48,1
DA:50,1
DA:52,1
DA:54,1
DA:56,1
DA:57,1
DA:58,1
DA:60,1
DA:61,1
DA:62,1
DA:65,1
DA:66,1
DA:68,1
DA:70,1
DA:72,1
DA:74,1
DA:75,1
DA:76,1
DA:78,1
DA:79,1
DA:80,1
DA:84,1
DA:85,1
DA:87,1
DA:89,1
DA:91,1
DA:93,1
DA:94,1
DA:95,1
DA:97,1
DA:98,1
DA:99,1
LF:54
LH:54
BRF:0
BRH:0
end_of_record
TN:
SF:./test/components/directives/maxmedia/simpleGroupAssignmentSpec.js
FN:1,(anonymous_1)
FN:7,(anonymous_2)
FN:13,(anonymous_3)
FN:35,complileDirective
FN:46,(anonymous_5)
FN:49,(anonymous_6)
FN:53,(anonymous_7)
FN:81,(anonymous_8)
FNF:8
FNH:8
FNDA:1,(anonymous_1)
FNDA:2,(anonymous_2)
FNDA:2,(anonymous_3)
FNDA:2,complileDirective
FNDA:1,(anonymous_5)
FNDA:1,(anonymous_6)
FNDA:1,(anonymous_7)
FNDA:1,(anonymous_8)
DA:1,1
DA:3,1
DA:5,1
DA:7,1
DA:8,2
DA:9,2
DA:13,1
DA:14,2
DA:35,1
DA:37,2
DA:40,2
DA:43,2
DA:46,1
DA:47,1
DA:49,1
DA:50,1
DA:53,1
DA:54,1
DA:57,1
DA:59,1
DA:60,1
DA:61,1
DA:64,1
DA:65,1
DA:68,1
DA:69,1
DA:72,1
DA:73,1
DA:76,1
DA:77,1
DA:81,1
DA:82,1
DA:83,1
DA:85,1
DA:86,1
DA:87,1
DA:90,1
DA:91,1
DA:92,1
DA:93,1
DA:96,1
DA:97,1
DA:100,1
DA:101,1
DA:102,1
LF:45
LH:45
BRF:0
BRH:0
end_of_record
TN:
SF:./test/components/directives/maxmedia/treeTableSpec.js
FN:1,(anonymous_1)
FN:7,(anonymous_2)
FN:13,(anonymous_3)
FN:57,complileDirective
FN:70,(anonymous_5)
FN:82,(anonymous_6)
FN:91,(anonymous_7)
FN:100,(anonymous_8)
FN:112,(anonymous_9)
FN:119,(anonymous_10)
FNF:10
FNH:6
FNDA:1,(anonymous_1)
FNDA:2,(anonymous_2)
FNDA:2,(anonymous_3)
FNDA:2,complileDirective
FNDA:1,(anonymous_5)
FNDA:0,(anonymous_6)
FNDA:0,(anonymous_7)
FNDA:1,(anonymous_8)
FNDA:0,(anonymous_9)
FNDA:0,(anonymous_10)
DA:1,1
DA:3,1
DA:5,1
DA:7,1
DA:8,2
DA:9,2
DA:13,1
DA:16,2
DA:17,2
DA:20,2
DA:57,1
DA:59,2
DA:62,2
DA:65,2
DA:70,1
DA:72,1
DA:74,1
DA:76,1
DA:79,1
DA:82,1
DA:83,0
DA:84,0
DA:85,0
DA:89,1
DA:91,1
DA:92,0
DA:93,0
DA:94,0
DA:100,1
DA:102,1
DA:104,1
DA:106,1
DA:109,1
DA:112,1
DA:113,0
DA:117,1
DA:119,1
DA:120,0
LF:38
LH:30
BRF:0
BRH:0
end_of_record
TN:
SF:./test/components/directives/modalDialogSpec.js
FN:1,(anonymous_1)
FN:6,(anonymous_2)
FN:11,compileDirective
FN:19,(anonymous_4)
FNF:4
FNH:4
FNDA:1,(anonymous_1)
FNDA:1,(anonymous_2)
FNDA:1,compileDirective
FNDA:1,(anonymous_4)
DA:1,1
DA:2,1
DA:4,1
DA:6,1
DA:7,1
DA:8,1
DA:11,1
DA:12,1
DA:14,1
DA:16,1
DA:19,1
DA:20,1
DA:22,1
LF:13
LH:13
BRF:0
BRH:0
end_of_record
TN:
SF:./test/components/directives/userMessageSpec.js
FN:1,(anonymous_1)
FN:7,(anonymous_2)
FN:12,compileDirective
FN:20,(anonymous_4)
FNF:4
FNH:4
FNDA:1,(anonymous_1)
FNDA:1,(anonymous_2)
FNDA:1,compileDirective
FNDA:1,(anonymous_4)
DA:1,1
DA:2,1
DA:4,1
DA:5,1
DA:7,1
DA:8,1
DA:9,1
DA:12,1
DA:13,1
DA:15,1
DA:17,1
DA:20,1
DA:21,1
DA:23,1
DA:25,1
DA:26,1
LF:16
LH:16
BRF:0
BRH:0
end_of_record
TN:
SF:./test/app/canopi-app/canopiappSpec.js
FN:3,(anonymous_1)
FN:6,(anonymous_2)
FN:11,(anonymous_3)
FN:16,(anonymous_4)
FN:29,(anonymous_5)
FN:38,(anonymous_6)
FN:40,(anonymous_7)
FN:42,(anonymous_8)
FN:52,(anonymous_9)
FN:62,(anonymous_10)
FN:67,(anonymous_11)
FN:72,(anonymous_12)
FN:77,(anonymous_13)
FNF:13
FNH:13
FNDA:1,(anonymous_1)
FNDA:1,(anonymous_2)
FNDA:1,(anonymous_3)
FNDA:1,(anonymous_4)
FNDA:1,(anonymous_5)
FNDA:2,(anonymous_6)
FNDA:2,(anonymous_7)
FNDA:2,(anonymous_8)
FNDA:2,(anonymous_9)
FNDA:2,(anonymous_10)
FNDA:2,(anonymous_11)
FNDA:1,(anonymous_12)
FNDA:1,(anonymous_13)
DA:3,1
DA:6,1
DA:7,1
DA:11,1
DA:12,1
DA:16,1
DA:18,1
DA:20,1
DA:21,1
DA:29,1
DA:31,1
DA:33,1
DA:36,1
DA:38,1
DA:40,2
DA:42,2
DA:43,2
DA:52,2
DA:53,2
DA:56,2
DA:62,1
DA:63,2
DA:67,1
DA:72,1
DA:73,1
DA:77,1
DA:79,1
DA:87,1
DA:89,1
DA:90,1
DA:92,1
DA:93,1
LF:32
LH:32
BRF:0
BRH:0
end_of_record
TN:
SF:./test/app/canopi-app/dashboard/controllers/dashboardControllerSpec.js
FN:3,(anonymous_1)
FN:10,(anonymous_2)
FN:22,(anonymous_3)
FNF:3
FNH:3
FNDA:1,(anonymous_1)
FNDA:1,(anonymous_2)
FNDA:1,(anonymous_3)
DA:3,1
DA:4,1
DA:7,1
DA:10,1
DA:13,1
DA:16,1
DA:22,1
DA:23,1
LF:8
LH:8
BRF:0
BRH:0
end_of_record
TN:
SF:./test/app/canopi-app/about/controllers/aboutControllerSpec.js
FN:3,(anonymous_1)
FN:13,(anonymous_2)
FN:15,(anonymous_3)
FN:17,(anonymous_4)
FN:31,(anonymous_5)
FN:50,(anonymous_6)
FNF:6
FNH:6
FNDA:1,(anonymous_1)
FNDA:1,(anonymous_2)
FNDA:1,(anonymous_3)
FNDA:1,(anonymous_4)
FNDA:1,(anonymous_5)
FNDA:1,(anonymous_6)
DA:3,1
DA:4,1
DA:7,1
DA:10,1
DA:13,1
DA:15,1
DA:17,1
DA:18,1
DA:25,1
DA:31,1
DA:33,1
DA:37,1
DA:38,1
DA:41,1
DA:44,1
DA:50,1
DA:52,1
DA:54,1
DA:55,1
DA:56,1
LF:20
LH:20
BRF:0
BRH:0
end_of_record
